C51 COMPILER V9.00   接收                                                                  08/14/2015 08:06:15 PAGE 1   


C51 COMPILER V9.00, COMPILATION OF MODULE 接收
OBJECT MODULE PLACED IN 接收.OBJ
COMPILER INVOKED BY: C:\Keil\C51\BIN\C51.EXE 接收.c BROWSE DEBUG OBJECTEXTEND

line level    source

   1          #include"reg52.h"
   2          #include"nrf24l01.h"
   3          /************************主函数********************/
   4          void main()
   5          {
   6   1         NRF24L01Int();
   7   1         while(1)
   8   1          {
   9   2                      NRFSetRXMode();//设置为接收模式
  10   2                      GetDate();//开始接受数
  11   2              }
  12   1      }


MODULE INFORMATION:   STATIC OVERLAYABLE
   CODE SIZE        =     11    ----
   CONSTANT SIZE    =   ----    ----
   XDATA SIZE       =   ----    ----
   PDATA SIZE       =   ----    ----
   DATA SIZE        =   ----    ----
   IDATA SIZE       =   ----    ----
   BIT SIZE         =   ----    ----
END OF MODULE INFORMATION.


C51 COMPILATION COMPLETE.  0 WARNING(S),  0 ERROR(S)
