C51 COMPILER V9.00   MAIN                                                                  07/23/2015 11:42:42 PAGE 1   


C51 COMPILER V9.00, COMPILATION OF MODULE MAIN
OBJECT MODULE PLACED IN main.OBJ
COMPILER INVOKED BY: C:\Keil\C51\BIN\C51.EXE main.c BROWSE DEBUG OBJECTEXTEND

line level    source

   1          /**********************BST-M51实验开发板例程************************
   2          *  平台：BST-M51 + Keil U4 + STC89C52
   3          *  名称：流水灯模块实验
   4          *  公司：深圳市亚博软件开发有限公司       
   5          *  日期：2015-6
   6          *  晶振:11.0592MHZ
   7          *  说明：免费开源，不提供源代码分析.
   8          ******************************************************************/
   9          #include<reg52.h> //包含头文件，一般情况不需要改动，
  10                            //头文件包含特殊功能寄存器的定义
  11          
  12          
  13          sbit LED0=P1^0;// 用sbit 关键字 定义 LED到P1.0端口，LED是自己任意定义且容易记忆的符号
  14          
  15          
  16          void Delay(unsigned int t); //函数声明
  17          /*------------------------------------------------
  18                              主函数
  19          ------------------------------------------------*/
  20          void main (void)
  21          {
  22   1                        
  23   1      unsigned int CYCLE=600,PWM_LOW=0;//定义周期并赋值
  24   1      
  25   1              P1=0xFF;//P1口置1
  26   1              
  27   1      while (1)         //主循环
  28   1        {
  29   2       LED0=1;
  30   2       Delay(60000);        //特意加延时，可以看到熄灭的过程
  31   2       for(PWM_LOW=1;PWM_LOW<CYCLE;PWM_LOW++){ //PWM_LOW表示低
  32   3       //电平时间，这个循环中低电平时长从1累加到CYCLE（周期）的值，即600次
  33   3      
  34   3                      LED0=0;        //点亮LED  
  35   3                      Delay(PWM_LOW);//延时长度，600次循环中从1加至599
  36   3                      LED0=1;        //熄灭LED
  37   3                  Delay(CYCLE-PWM_LOW);//延时长度，600次循环中从599减至1
  38   3           
  39   3         }
  40   2       LED0=0;
  41   2       for(PWM_LOW=CYCLE-1;PWM_LOW>0;PWM_LOW--){ //与逐渐变亮相反的过程
  42   3      
  43   3                      LED0=0;
  44   3                      Delay(PWM_LOW);
  45   3                      LED0=1;
  46   3                  Delay(CYCLE-PWM_LOW);
  47   3           
  48   3         }
  49   2                           //主循环中添加其他需要一直工作的程序
  50   2        }
  51   1      }
  52          /*------------------------------------------------
  53           延时函数，含有输入参数 unsigned int t，无返回值
  54           unsigned int 是定义无符号整形变量，其值的范围是
  55           0~65535
C51 COMPILER V9.00   MAIN                                                                  07/23/2015 11:42:42 PAGE 2   

  56          ------------------------------------------------*/
  57          void Delay(unsigned int t)
  58          {
  59   1       while(--t);
  60   1      }


MODULE INFORMATION:   STATIC OVERLAYABLE
   CODE SIZE        =    132    ----
   CONSTANT SIZE    =   ----    ----
   XDATA SIZE       =   ----    ----
   PDATA SIZE       =   ----    ----
   DATA SIZE        =   ----       4
   IDATA SIZE       =   ----    ----
   BIT SIZE         =   ----    ----
END OF MODULE INFORMATION.


C51 COMPILATION COMPLETE.  0 WARNING(S),  0 ERROR(S)
