C51 COMPILER V9.00   18B20                                                                 08/22/2015 15:14:20 PAGE 1   


C51 COMPILER V9.00, COMPILATION OF MODULE 18B20
OBJECT MODULE PLACED IN 18b20.OBJ
COMPILER INVOKED BY: C:\Keil\C51\BIN\C51.EXE 18b20.c BROWSE DEBUG OBJECTEXTEND

line level    source

   1          /**********************BST-M51实验开发板例程************************
   2          *  平台：BST-M51 + Keil U4 + STC89C52
   3          *  名称：按键扫描
   4          *  公司：深圳市亚博软件开发有限公司       
   5          *  日期：2015-8
   6          *  晶振:11.0592MHZ
   7          ******************************************************************/
   8          #include<reg51.h>
   9          #include<allhead.h>
  10          
  11          sbit ds = P2^2;
  12          
  13          void dsInit()
  14          {
  15   1          
  16   1          unsigned int i;  
  17   1          ds = 0;
  18   1          i = 100;  
  19   1           while(i>0) i--;
  20   1          ds = 1;   
  21   1          i = 4;
  22   1           while(i>0) i--;
  23   1      }
  24          
  25          void writeByte(unsigned char dat)
  26          {
  27   1          unsigned int i;
  28   1          unsigned char j;
  29   1          bit b;
  30   1          for(j = 0; j < 8; j++)
  31   1          {
  32   2              b = dat & 0x01;
  33   2              dat >>= 1;
  34   2          
  35   2              if(b)   
  36   2              {
  37   3                 ds = 0;          i++; i++;  
  38   3                  ds = 1;    
  39   3                  i = 8; while(i>0) i--;  
  40   3              }
  41   2              else  
  42   2              {
  43   3                  ds = 0;
  44   3                i = 8; while(i>0) i--;  
  45   3                  ds = 1;
  46   3                 i++; i++;
  47   3              }
  48   2         }
  49   1      }
  50          
  51          bit readBit()
  52          {
  53   1          unsigned int i;
  54   1          bit b;
  55   1          ds = 0;
C51 COMPILER V9.00   18B20                                                                 08/22/2015 15:14:20 PAGE 2   

  56   1          i++;   
  57   1          ds = 1; 
  58   1         i++; i++;  
  59   1          b = ds;
  60   1          i = 8; 
  61   1          while(i>0) i--;
  62   1          return b;
  63   1      }
  64          
  65          unsigned char readByte()
  66          {
  67   1          unsigned int i;
  68   1          unsigned char j, dat;
  69   1          dat = 0;
  70   1          for(i=0; i<8; i++)
  71   1          {
  72   2              j = readBit();
  73   2            
  74   2              dat = (j << 7) | (dat >> 1);
  75   2          }
  76   1          return dat;
  77   1      }
  78          
  79          void sendChangeCmd()
  80          {
  81   1          dsInit();      
  82   1          delayMs(1);    
  83   1          writeByte(0xcc);
  84   1          writeByte(0x44);
  85   1      }
  86          
  87          void sendReadCmd()
  88          {
  89   1          dsInit();
  90   1          delayMs(1);
  91   1          writeByte(0xcc); 
  92   1          writeByte(0xbe); 
  93   1      }
  94          
  95          int getTmpValue()
  96          {
  97   1          unsigned int tmpvalue;
  98   1          int value; 
  99   1          float t;
 100   1          unsigned char low, high;
 101   1          sendReadCmd();
 102   1          
 103   1          low = readByte(); 
 104   1          high = readByte();
 105   1         
 106   1          tmpvalue = high;
 107   1          tmpvalue <<= 8;
 108   1          tmpvalue |= low;
 109   1          value = tmpvalue;
 110   1          
 111   1          t = value * 0.0625;
 112   1      
 113   1          value=t*10+0.5;
 114   1          return value;
 115   1      }


C51 COMPILER V9.00   18B20                                                                 08/22/2015 15:14:20 PAGE 3   

MODULE INFORMATION:   STATIC OVERLAYABLE
   CODE SIZE        =    287    ----
   CONSTANT SIZE    =   ----    ----
   XDATA SIZE       =   ----    ----
   PDATA SIZE       =   ----    ----
   DATA SIZE        =   ----       4
   IDATA SIZE       =   ----    ----
   BIT SIZE         =   ----       2
END OF MODULE INFORMATION.


C51 COMPILATION COMPLETE.  0 WARNING(S),  0 ERROR(S)
