C51 COMPILER V9.00   DELAY                                                                 08/22/2015 15:14:20 PAGE 1   


C51 COMPILER V9.00, COMPILATION OF MODULE DELAY
OBJECT MODULE PLACED IN delay.OBJ
COMPILER INVOKED BY: C:\Keil\C51\BIN\C51.EXE delay.c BROWSE DEBUG OBJECTEXTEND

line level    source

   1          /**********************BST-M51实验开发板例程************************
   2          *  平台：BST-M51 + Keil U4 + STC89C52
   3          *  名称：按键扫描
   4          *  公司：深圳市亚博软件开发有限公司       
   5          *  日期：2015-8
   6          *  晶振:11.0592MHZ
   7          ******************************************************************/
   8          #include <intrins.H>
   9          void delayMs(unsigned int xms)                          
  10          {
  11   1              unsigned int i,j;
  12   1              for(i=xms;i>0;i--)                    //i=xms即延时约xms毫秒
  13   1                      for(j=112;j>0;j--);
  14   1      }
  15          
  16          void delayUs()
  17          {
  18   1          _nop_();
  19   1      }


MODULE INFORMATION:   STATIC OVERLAYABLE
   CODE SIZE        =     32    ----
   CONSTANT SIZE    =   ----    ----
   XDATA SIZE       =   ----    ----
   PDATA SIZE       =   ----    ----
   DATA SIZE        =   ----    ----
   IDATA SIZE       =   ----    ----
   BIT SIZE         =   ----    ----
END OF MODULE INFORMATION.


C51 COMPILATION COMPLETE.  0 WARNING(S),  0 ERROR(S)
