C51 COMPILER V9.00   LCD1602                                                               08/22/2015 15:14:20 PAGE 1   


C51 COMPILER V9.00, COMPILATION OF MODULE LCD1602
OBJECT MODULE PLACED IN lcd1602.OBJ
COMPILER INVOKED BY: C:\Keil\C51\BIN\C51.EXE lcd1602.c BROWSE DEBUG OBJECTEXTEND

line level    source

   1          /**********************BST-M51实验开发板例程************************
   2          *  平台：BST-M51 + Keil U4 + STC89C52
   3          *  名称：按键扫描
   4          *  公司：深圳市亚博软件开发有限公司       
   5          *  日期：2015-8
   6          *  晶振:11.0592MHZ
   7          ******************************************************************/
   8          #include<reg51.h>
   9          #include<allhead.h>
  10          #include <math.H>
  11          
  12          sbit rw = P1^1; 
  13          sbit RS = P1^0; 
  14          sbit LCDEN = P2^5;
  15          
  16          void writeComm(unsigned char comm)
  17          {
  18   1          RS = 0;    
  19   1          P0 = comm;
  20   1          LCDEN = 1;
  21   1          delayUs();
  22   1          LCDEN = 0;
  23   1          delayMs(1);
  24   1      }
  25          
  26          void writeData(unsigned char dat)
  27          {
  28   1          RS = 1;
  29   1          P0 = dat;
  30   1          LCDEN = 1;
  31   1          delayUs();
  32   1          LCDEN = 0;
  33   1          delayMs(1);
  34   1      }
  35          
  36          void writeString(unsigned char * str,unsigned char length)
  37          {
  38   1          unsigned char i;
  39   1          for(i = 0; i < length; i++)
  40   1          {
  41   2               writeData(str[i]);
  42   2           }
  43   1      }
  44          
  45          void lcd_init()
  46          {
  47   1          rw = 0; 
  48   1          writeComm(0x38);
  49   1          writeComm(0x0c); 
  50   1          writeComm(0x06);
  51   1          writeComm(0x01); 
  52   1      }
  53          
  54          void display(unsigned char speed,int v) 
  55          {
C51 COMPILER V9.00   LCD1602                                                               08/22/2015 15:14:20 PAGE 2   

  56   1          unsigned char datas[9];
  57   1              unsigned char level[7];
  58   1      
  59   1              level[0]='l';
  60   1              level[1]='e';
  61   1              level[2]='v';
  62   1              level[3]='e';
  63   1              level[4]='l';
  64   1              level[5]=' ';
  65   1              level[6]='0'+speed;
  66   1              writeComm(0x80+4);
  67   1          writeString(level, 7);
  68   1      
  69   1              datas[0] ='T';
  70   1              datas[1] ='E';
  71   1              datas[2] ='M';
  72   1              datas[3] ='P';
  73   1              datas[4] =':';
  74   1          datas[5] = '0'+(v/100)%10;
  75   1          datas[6] = '0'+(v/10)%10;
  76   1          datas[7] = '.';
  77   1          datas[8] = '0'+v%10;
  78   1          writeComm(0xc0+3);
  79   1          writeString(datas, 9);
  80   1      }


MODULE INFORMATION:   STATIC OVERLAYABLE
   CODE SIZE        =    239    ----
   CONSTANT SIZE    =   ----    ----
   XDATA SIZE       =   ----    ----
   PDATA SIZE       =   ----    ----
   DATA SIZE        =   ----      23
   IDATA SIZE       =   ----    ----
   BIT SIZE         =   ----    ----
END OF MODULE INFORMATION.


C51 COMPILATION COMPLETE.  0 WARNING(S),  0 ERROR(S)
