C51 COMPILER V9.00   MAIN                                                                  08/22/2015 15:14:20 PAGE 1   


C51 COMPILER V9.00, COMPILATION OF MODULE MAIN
OBJECT MODULE PLACED IN main.OBJ
COMPILER INVOKED BY: C:\Keil\C51\BIN\C51.EXE main.c BROWSE DEBUG OBJECTEXTEND

line level    source

   1          /**********************BST-M51实验开发板例程************************
   2          *  平台：BST-M51 + Keil U4 + STC89C52
   3          *  名称：智能风扇
   4          *  公司：深圳市亚博软件开发有限公司       
   5          *  日期：2015-8
   6          *  晶振:11.0592MHZ
   7          ******************************************************************/
   8          #include<reg51.h>
   9          #include<allhead.h>
  10          
  11          #define Coil_CD1 {A1=1;B1=1;C1=0;D1=0;}//CD相通电，其他相断电
  12          #define Coil_AD1 {A1=0;B1=1;C1=1;D1=0;}//AD相通电，其他相断电
  13          #define Coil_AB1 {A1=0;B1=0;C1=1;D1=1;}//AB相通电，其他相断电
  14          #define Coil_BC1 {A1=1;B1=0;C1=0;D1=1;}//BC相通电，其他相断电
  15          #define Coil_A1 {A1=0;B1=1;C1=1;D1=1;}//A相通电，其他相断电
  16          #define Coil_B1 {A1=1;B1=0;C1=1;D1=1;}//B相通电，其他相断电
  17          #define Coil_C1 {A1=1;B1=1;C1=0;D1=1;}//C相通电，其他相断电
  18          #define Coil_D1 {A1=1;B1=1;C1=1;D1=0;}//D相通电，其他相断电
  19          #define Coil_OFF {A1=1;B1=1;C1=1;D1=1;}//全部断电
  20          
  21          sbit A1=P1^4; //定义步进电机连接端口
  22          sbit B1=P1^5;
  23          sbit C1=P1^6;
  24          sbit D1=P1^7;
  25          sbit IR=P3^2;  //红外接口标志
  26          
  27          unsigned char speed=0,key0=0,adda,key,irtime,irdata[33],IRcord[4];
  28          int tmp;
  29          unsigned int count=0;
  30          bit irpro_ok,irok;
  31          /*------------------------------------------------
  32                          红外码值处理
  33          ------------------------------------------------*/
  34          void Ircordpro(void)//红外码值处理函数
  35          { 
  36   1        unsigned char i, j, k;
  37   1        unsigned char cord,value;
  38   1      
  39   1        k=1;
  40   1        for(i=0;i<4;i++)      //处理4个字节
  41   1           {
  42   2            for(j=1;j<=8;j++) //处理1个字节8位
  43   2               {
  44   3                cord=irdata[k];
  45   3                if(cord>7)//大于某值为1，这个和晶振有绝对关系，这里使用12M计算，此值可以有一定误差
  46   3                   value|=0x80;
  47   3                if(j<8)
  48   3                          {
  49   4                               value>>=1;
  50   4                              }
  51   3                 k++;
  52   3               }
  53   2           IRcord[i]=value;
  54   2           value=0;     
  55   2           } 
C51 COMPILER V9.00   MAIN                                                                  08/22/2015 15:14:20 PAGE 2   

  56   1               irpro_ok=1;//处理完毕标志位置1
  57   1      }
  58          /*------------------------------------------------
  59                            键值处理
  60          ------------------------------------------------*/
  61          
  62          unsigned char Ir_work(void)//红外键值散转程序
  63          {
  64   1              unsigned char key;
  65   1              switch(IRcord[2])//判断第三个数码值
  66   1              {
  67   2                       case 0x0c:key=level1;break;//1 显示相应的按键值
  68   2                       case 0x18:key=level2;break;//2
  69   2                       case 0x5e:key=level3;break;//3
  70   2                   default:break;
  71   2              }       
  72   1              irpro_ok=0;//处理完成标志
  73   1              return key;
  74   1      }
  75          /*------------------------------------------------
  76                              定时器0初始化子程序
  77          ------------------------------------------------*/
  78          void timer0_init(void)
  79          {
  80   1       TMOD |= 0x01;    //定时器0工作方式2，TH0是重装值，TL0是初值，使用"|"符号可以在使用多个定时器时不受影响           
             -   
  81   1       TH0=0xFC;            //给定初值1ms
  82   1       TL0=0x66;
  83   1       EA=1;            //总中断打开
  84   1       ET0=1;           //定时器中断打开
  85   1       TR0=1;           //定时器开关打开
  86   1      }
  87          /*------------------------------------------------
  88                              定时器1初始化子程序
  89          ------------------------------------------------*/
  90          void timer1_init(void)
  91          {
  92   1       TMOD |= 0x01;    //使用模式1，16位定时器，使用"|"符号可以在使用多个定时器时不受影响                 
  93   1       TH1=0xFC;            //给定初值1ms
  94   1       TL1=0x66;
  95   1       EA=1;            //总中断打开
  96   1       ET1=1;           //定时器中断打开
  97   1       TR1=1;           //定时器开关打开
  98   1      }
  99          /*------------------------------------------------
 100                            外部中断0初始化
 101          ------------------------------------------------*/
 102          void ex0init(void)
 103          {
 104   1       IT0 = 1;   //指定外部中断0下降沿触发，INT0 (P3.2)
 105   1       EX0 = 1;   //使能外部中断
 106   1       EA = 1;    //开总中断
 107   1      }
 108          /*------------------------------------------------
 109                           主函数
 110          ------------------------------------------------*/
 111          void main()
 112          {
 113   1              timer0_init();
 114   1              timer1_init();
 115   1              Coil_OFF
 116   1              lcd_init();
C51 COMPILER V9.00   MAIN                                                                  08/22/2015 15:14:20 PAGE 3   

 117   1              sendChangeCmd();
 118   1              while(1)
 119   1              {
 120   2                      key0 = keyscan();
 121   2      
 122   2                      if(key0 != nokey)
 123   2                      {
 124   3                              speed = key0;
 125   3                              key = key0;
 126   3                      }
 127   2                      PCF8591_SendByte(2);
 128   2                      adda=PCF8591_RcvByte();                  
 129   2                      if((adda>150)&&((key0 == turnoff)||(key0 == nokey)))
 130   2                       {
 131   3                              if(tmp>340)
 132   3                                      speed=level3;//t=5;
 133   3                              else if(tmp>320)
 134   3                                      speed=level2; //t=6;
 135   3                              else if(tmp>300)
 136   3                              speed=level1;//t=7;                     
 137   3                       }
 138   2                       else if((!key)&&(!adda))
 139   2                              speed=turnoff;                          
 140   2              }
 141   1              
 142   1      }
 143          
 144          /*------------------------------------------------
 145                           定时器1中断子程序
 146          ------------------------------------------------*/
 147          void Timer1_isr(void) interrupt 3 
 148          {
 149   1       static unsigned char times,i;
 150   1       unsigned char t;
 151   1       TH1=0xFC;                //重新赋值 1ms
 152   1       TL1=0x66;
 153   1       
 154   1       switch(speed)
 155   1       {
 156   2              case level1:t=40;break;
 157   2              case level2:t=30;break;
 158   2              case level3:t=20;break;
 159   2              default:break;
 160   2       }
 161   1       if((speed)||(adda>150))
 162   1       {
 163   2              if(times==t)
 164   2         {
 165   3                      times=0;
 166   3                      switch(i)
 167   3                  {
 168   4                          case 0:Coil_A1;i++;break;
 169   4                              case 1:Coil_B1;i++;break;
 170   4                              case 2:Coil_C1;i++;break;
 171   4                              case 3:Coil_D1;i++;break;
 172   4                              case 4:i=0;break;
 173   4                          default:break;
 174   4                  }
 175   3              }
 176   2              times++;
 177   2        }
 178   1      }
C51 COMPILER V9.00   MAIN                                                                  08/22/2015 15:14:20 PAGE 4   

 179          /*------------------------------------------------
 180                           定时器0中断子程序
 181          ------------------------------------------------*/
 182          void Timer0_isr(void) interrupt 1 
 183          {
 184   1       static unsigned char tt;
 185   1       TH1=0xFC;                //重新赋值 1ms
 186   1       TL1=0x66;
 187   1       if(tt==5)
 188   1       { 
 189   2               tmp=getTmpValue();
 190   2               display(speed,tmp);
 191   2               sendChangeCmd();
 192   2               tt=0; 
 193   2       }
 194   1       tt++;
 195   1      }
 196          /*------------------------------------------------
 197                            外部中断0中断处理
 198          ------------------------------------------------*/
 199          void EX0_ISR (void) interrupt 0 //外部中断0服务函数
 200          {
 201   1              static unsigned char  i;             //接收红外信号处理
 202   1              static bit startflag;                //是否开始处理标志位
 203   1      
 204   1              if(startflag)                         
 205   1              {
 206   2                      if(irtime<17&&irtime>=9)//引导码 TC9012的头码，9ms+4.5ms
 207   2                      i=0;
 208   2                      irdata[i]=irtime;//存储每个电平的持续时间，用于以后判断是0还是1
 209   2                      irtime=0;
 210   2                      i++;
 211   2                      if(i==33)
 212   2                      {
 213   3                       irok=1;
 214   3                       i=0;
 215   3                      }
 216   2              }
 217   1              else
 218   1              {
 219   2                      irtime=0;
 220   2                      startflag=1;
 221   2              }
 222   1      
 223   1      }


MODULE INFORMATION:   STATIC OVERLAYABLE
   CODE SIZE        =    522    ----
   CONSTANT SIZE    =   ----    ----
   XDATA SIZE       =   ----    ----
   PDATA SIZE       =   ----    ----
   DATA SIZE        =     50    ----
   IDATA SIZE       =   ----    ----
   BIT SIZE         =      3    ----
END OF MODULE INFORMATION.


C51 COMPILATION COMPLETE.  0 WARNING(S),  0 ERROR(S)
