C51 COMPILER V9.00   RECIVE                                                                08/20/2015 14:29:06 PAGE 1   


C51 COMPILER V9.00, COMPILATION OF MODULE RECIVE
OBJECT MODULE PLACED IN recive.OBJ
COMPILER INVOKED BY: C:\Keil\C51\BIN\C51.EXE recive.c BROWSE DEBUG OBJECTEXTEND

line level    source

   1          /**********************BST-V51实验开发板例程************************
   2          *  平台：BST-M51 + Keil U4 + STC89C52
   3          *  名称：红外接收模块实验
   4          *  公司：深圳市亚博软件开发有限公司      
   5          *  日期：2015-6
   6          *  晶振:11.0592MHZ
   7          *  说明：免费开源，不提供源代码分析.
   8          ******************************************************************/
   9          #include<reg51.h>
  10          #include<allhead.h>
  11          
  12          sbit IR=P3^2;  //红外接口标志
  13          unsigned char  irtime;//红外用全局变量
  14          
  15          bit irpro_ok,irok;
  16          unsigned char IRcord[4];
  17          unsigned char irdata[33];
  18          
  19          
  20          
  21            
  22            


MODULE INFORMATION:   STATIC OVERLAYABLE
   CODE SIZE        =   ----    ----
   CONSTANT SIZE    =   ----    ----
   XDATA SIZE       =   ----    ----
   PDATA SIZE       =   ----    ----
   DATA SIZE        =     38    ----
   IDATA SIZE       =   ----    ----
   BIT SIZE         =      2    ----
END OF MODULE INFORMATION.


C51 COMPILATION COMPLETE.  0 WARNING(S),  0 ERROR(S)
