C51 COMPILER V9.00   MAIN                                                                  06/23/2015 07:50:02 PAGE 1   


C51 COMPILER V9.00, COMPILATION OF MODULE MAIN
OBJECT MODULE PLACED IN main.OBJ
COMPILER INVOKED BY: C:\Keil\C51\BIN\C51.EXE main.c BROWSE DEBUG OBJECTEXTEND

line level    source

   1          /***************************************************
   2          *实验名：流水灯报警
   3          *实验效果：程序烧录进去后 蜂鸣器配合流水灯发出声音
   4          *************************************************/
   5          #include<reg52.h>
   6          #include<intrins.h>
   7          
   8          #define on 0
   9          #define off 1
  10          sbit fm = P2^3;
  11          
  12          void delay(unsigned int xms)                            
  13          {
  14   1              unsigned int i,j;
  15   1              for(i=xms;i>0;i--)                    //i=xms即延时约xms毫秒
  16   1                      for(j=112;j>0;j--);
  17   1      }
  18          
  19          void main()
  20          {
  21   1              P1 = 0xfe;//1111 1110
  22   1              while(1)
  23   1              {
  24   2                      delay(100);
  25   2                      P1 =_crol_(P1,1);/*将P1循环左移1位*/
  26   2                      fm = on;
  27   2                      delay(100);
  28   2                      fm = off;
  29   2              }
  30   1      }


MODULE INFORMATION:   STATIC OVERLAYABLE
   CODE SIZE        =     66    ----
   CONSTANT SIZE    =   ----    ----
   XDATA SIZE       =   ----    ----
   PDATA SIZE       =   ----    ----
   DATA SIZE        =   ----    ----
   IDATA SIZE       =   ----    ----
   BIT SIZE         =   ----    ----
END OF MODULE INFORMATION.


C51 COMPILATION COMPLETE.  0 WARNING(S),  0 ERROR(S)
