C51 COMPILER V9.00   MAIN                                                                  07/23/2015 11:43:20 PAGE 1   


C51 COMPILER V9.00, COMPILATION OF MODULE MAIN
OBJECT MODULE PLACED IN main.OBJ
COMPILER INVOKED BY: C:\Keil\C51\BIN\C51.EXE main.c BROWSE DEBUG OBJECTEXTEND

line level    source

   1          /**********************BST-M51实验开发板例程************************
   2          *  平台：BST-M51 + Keil U4 + STC89C52
   3          *  名称：流水灯模块实验
   4          *  公司：深圳市亚博软件开发有限公司      
   5          *  日期：2015-6
   6          *  晶振:11.0592MHZ
   7          *  说明：免费开源，不提供源代码分析.
   8          ******************************************************************/
   9          #include <reg51.h>
  10          #include <intrins.h>
  11          unsigned char a,b,k,j;
  12          sbit beep=P2^3;
  13          void delay10ms()
  14            {
  15   1          for(a=100;a>0;a--)
  16   1            for(b=225;b>0;b--);
  17   1         }
  18          void main()
  19          {
  20   1        k=0xfe;
  21   1        while(1)
  22   1        {
  23   2            delay10ms();
  24   2            
  25   2            beep=0;
  26   2            delay10ms();
  27   2            beep=1;
  28   2            j=_crol_(k,1);
  29   2            k=j;
  30   2            P1=j;
  31   2         }
  32   1      }
  33          


MODULE INFORMATION:   STATIC OVERLAYABLE
   CODE SIZE        =     45    ----
   CONSTANT SIZE    =   ----    ----
   XDATA SIZE       =   ----    ----
   PDATA SIZE       =   ----    ----
   DATA SIZE        =      4    ----
   IDATA SIZE       =   ----    ----
   BIT SIZE         =   ----    ----
END OF MODULE INFORMATION.


C51 COMPILATION COMPLETE.  0 WARNING(S),  0 ERROR(S)
