C51 COMPILER V9.00   MAIN                                                                  07/05/2015 15:02:05 PAGE 1   


C51 COMPILER V9.00, COMPILATION OF MODULE MAIN
OBJECT MODULE PLACED IN main.OBJ
COMPILER INVOKED BY: C:\Keil\C51\BIN\C51.EXE main.c BROWSE DEBUG OBJECTEXTEND

line level    source

   1          /************************************************************
   2          *实验名：串口通讯实验
   3          *实验效果：配合串口助手使用 将pc机发出的数据传送到单片机中
   4          *                  单片机将接收到的数据发送到pc机 可以在串口助手上显示
   5          *波特率：9600
   6          ************************************************************/
   7          #include<reg52.h>
   8          
   9          void UsartConfiguration()
  10          {
  11   1              SCON=0X50;                      //设置为工作方式1
  12   1              TMOD=0X20;                      //设置计数器工作方式2
  13   1              PCON=0X00;              //SMOD=0，32分频
  14   1              TH1=0Xfd;               //计数器初始值设置，注意波特率是9600的
  15   1              TL1=0Xfd;
  16   1              ES=1;                                   //打开接收中断
  17   1              EA=1;                                           //打开总中断
  18   1              TR1=1;                                  //打开计数器
  19   1      }
  20          
  21          void main()
  22          {
  23   1              UsartConfiguration();
  24   1              while(1);
  25   1      }
  26          
  27          void uart() interrupt 4
  28          {
  29   1              unsigned char date;
  30   1              
  31   1              date = SBUF;//取出接收到的数据
  32   1              RI = 0;//清除接收中断标志位     
  33   1              SBUF = date;//将接收到的数据放回发送缓存器
  34   1              while(!TI);//等待发送数据完成
  35   1              TI = 0;//清除发送中断标志位
  36   1      }


MODULE INFORMATION:   STATIC OVERLAYABLE
   CODE SIZE        =     50    ----
   CONSTANT SIZE    =   ----    ----
   XDATA SIZE       =   ----    ----
   PDATA SIZE       =   ----    ----
   DATA SIZE        =   ----    ----
   IDATA SIZE       =   ----    ----
   BIT SIZE         =   ----    ----
END OF MODULE INFORMATION.


C51 COMPILATION COMPLETE.  0 WARNING(S),  0 ERROR(S)
