C51 COMPILER V9.00   MAIN                                                                  07/23/2015 11:42:15 PAGE 1   


C51 COMPILER V9.00, COMPILATION OF MODULE MAIN
OBJECT MODULE PLACED IN main.OBJ
COMPILER INVOKED BY: C:\Keil\C51\BIN\C51.EXE main.c BROWSE DEBUG OBJECTEXTEND

line level    source

   1          /**********************BST-M51实验开发板例程************************
   2          *  平台：BST-M51 + Keil U4 + STC89C52
   3          *  名称：流水灯模块实验
   4          *  公司：深圳市亚博软件开发有限公司       
   5          *  日期：2015-6
   6          *  晶振:11.0592MHZ
   7          *  说明：免费开源，不提供源代码分析.
   8          ******************************************************************/
   9          /*---------------------------------------------------------------*/
  10          #include<reg52.h> //包含头文件，一般情况不需要改动，
  11                            //头文件包含特殊功能寄存器的定义
  12          
  13          /*------------------------------------------------
  14                            花样表格
  15          ------------------------------------------------*/
  16          unsigned char code seg[]={0x7f,0xbf,0xdf,0xef,
  17                                                            0xf7,0xfb,0xfd,0xfe,
  18                                                            0xff,0xff,0x00,0x00,
  19                                                            0x55,0x55,0xaa,0xaa
  20                                                            };//rom允许情况可以无限添加
  21          
  22          void Delay(unsigned int t); //函数声明
  23          /*------------------------------------------------
  24                              主函数
  25          ------------------------------------------------*/
  26          main()
  27          {
  28   1       unsigned char i;                //定义一个无符号字符型
  29   1                                                                       //局部变量 i 取值范围 0~255
  30   1              P1=0xFF;//P1口置1
  31   1       while(1)
  32   1            {
  33   2                P1=0xFE;                   //第1个LED亮
  34   2            for(i=0;i<8;i++)
  35   2                   {
  36   3                       Delay(20000);
  37   3                   P1 <<=1;
  38   3                       }
  39   2      
  40   2            P1=0x7F;                   //第8个LED亮
  41   2            for(i=0;i<8;i++)
  42   2                   {
  43   3                       Delay(20000);
  44   3                   P1 >>=1;
  45   3                       }
  46   2      
  47   2            P1=0xFE;                  //第1个LED亮
  48   2            for(i=0;i<8;i++)
  49   2                   {
  50   3                       Delay(20000);
  51   3                   P1 <<=1;
  52   3                       P1 |=0x01;
  53   3                       }
  54   2      
  55   2                P1=0x7F;                  //第8个LED亮
C51 COMPILER V9.00   MAIN                                                                  07/23/2015 11:42:15 PAGE 2   

  56   2            for(i=0;i<8;i++)
  57   2                   {
  58   3                       Delay(20000);
  59   3                   P1 >>=1;
  60   3                       P1 |=0x80;
  61   3                       }
  62   2            //下面通过查表方法获得花样参数
  63   2            for(i=0;i<16;i++)//查表可以简单的显示各种花样 实用性更强
  64   2                   {
  65   3                       Delay(20000);
  66   3               P1=seg[i];
  67   3                       }
  68   2            }
  69   1      
  70   1      }
  71          
  72          /*------------------------------------------------
  73           延时函数，含有输入参数 unsigned int t，无返回值
  74           unsigned int 是定义无符号整形变量，其值的范围是
  75           0~65535
  76          ------------------------------------------------*/
  77          void Delay(unsigned int t)
  78          {
  79   1       while(--t);
  80   1      }


MODULE INFORMATION:   STATIC OVERLAYABLE
   CODE SIZE        =    144    ----
   CONSTANT SIZE    =     16    ----
   XDATA SIZE       =   ----    ----
   PDATA SIZE       =   ----    ----
   DATA SIZE        =   ----       1
   IDATA SIZE       =   ----    ----
   BIT SIZE         =   ----    ----
END OF MODULE INFORMATION.


C51 COMPILATION COMPLETE.  0 WARNING(S),  0 ERROR(S)
