C51 COMPILER V9.00   DELAY                                                                 08/14/2015 03:54:43 PAGE 1   


C51 COMPILER V9.00, COMPILATION OF MODULE DELAY
OBJECT MODULE PLACED IN Delay.OBJ
COMPILER INVOKED BY: C:\Keil\C51\BIN\C51.EXE Delay.c BROWSE DEBUG OBJECTEXTEND

line level    source

   1          #include"reg52.h"
   2          #include"nrf24l01.h"
   3          #include"delay.h"
   4          /***************************延时函数****************/
   5          void Delay(unsigned int t)
   6          {
   7   1        unsigned int x,y;
   8   1        for(x=t;x>0;x--)
   9   1         for(y=110;y>0;y--);
  10   1      }
  11          /**********************************************
  12             DS18B20专用延时子函数
  13          **********************************************/
  14          void DDelay(unsigned int t) 
  15          { 
  16   1              unsigned int n;
  17   1              n=0; 
  18   1              while(n<t) 
  19   1              {
  20   2                n++;
  21   2              } 
  22   1      }


MODULE INFORMATION:   STATIC OVERLAYABLE
   CODE SIZE        =     48    ----
   CONSTANT SIZE    =   ----    ----
   XDATA SIZE       =   ----    ----
   PDATA SIZE       =   ----    ----
   DATA SIZE        =   ----    ----
   IDATA SIZE       =   ----    ----
   BIT SIZE         =   ----    ----
END OF MODULE INFORMATION.


C51 COMPILATION COMPLETE.  0 WARNING(S),  0 ERROR(S)
