C51 COMPILER V9.00   发_                                                                  08/14/2015 08:06:10 PAGE 1   


C51 COMPILER V9.00, COMPILATION OF MODULE 发_
OBJECT MODULE PLACED IN 发射.OBJ
COMPILER INVOKED BY: C:\Keil\C51\BIN\C51.EXE 发射.c BROWSE DEBUG OBJECTEXTEND

line level    source

   1          #include"reg52.h"
   2          #include"nrf24l01.h"
   3          unsigned char code table[]={0x3f,0x06,0x5b,0x4f,0x66,0x6d,0x7d,
   4                                  0x07,0x7f,0x6f,0x77,0x7c,0x39,0x5e,0x79,0x71};
   5          /*********************主函数***************************/
   6          void main()
   7          {
   8   1         unsigned int Date;
   9   1         char TxDate[4];
  10   1         NRF24L01Int();
  11   1         while(1)
  12   1          {
  13   2                       TxDate[0]=table[1];
  14   2                       TxDate[1]=table[5];
  15   2                       TxDate[2]=table[6];
  16   2                       TxDate[3]=table[8];    
  17   2                       NRFSetTxMode(TxDate);
  18   2                       while(CheckACK());     //检测是否发送完毕
  19   2              }
  20   1      
  21   1      }
*** WARNING C280 IN LINE 8 OF 发射.C: 'Date': unreferenced local variable


MODULE INFORMATION:   STATIC OVERLAYABLE
   CODE SIZE        =     46    ----
   CONSTANT SIZE    =     16    ----
   XDATA SIZE       =   ----    ----
   PDATA SIZE       =   ----    ----
   DATA SIZE        =   ----       6
   IDATA SIZE       =   ----    ----
   BIT SIZE         =   ----    ----
END OF MODULE INFORMATION.


C51 COMPILATION COMPLETE.  1 WARNING(S),  0 ERROR(S)
