C51 COMPILER V9.00   MAIN                                                                  07/01/2015 01:47:06 PAGE 1   


C51 COMPILER V9.00, COMPILATION OF MODULE MAIN
OBJECT MODULE PLACED IN main.OBJ
COMPILER INVOKED BY: C:\Keil\C51\BIN\C51.EXE main.c BROWSE DEBUG OBJECTEXTEND

line level    source

   1          /**************************************************
   2          *实验名：数码管动态显示
   3          *实验效果：在4位一体数码管左数第4位显示4，过1秒，
   4          *在左数第3位显示3，过1秒，在左数第2位显示2，过1秒，
   5          *在左数第1位显示1,上述过程不断循环
   6          ****************************************************/
   7          #include<reg52.h>
   8          #define duan P0
   9          #define uchar unsigned char 
  10          sbit wei1 = P2^4;//定义第一位数码管
  11          sbit wei2 = P2^5;//定义第二位数码管
  12          sbit wei3 = P2^6;//定义第三位数码管
  13          sbit wei4 = P2^7;//定义第四位数码管
  14          
  15          uchar code sz[17]={0x3f , 0x06 , 0x5b ,0x4f , 0x66 , 0x6d ,0x7d ,
  16          0x07 , 0x7f , 0x6f ,0x77 , 0x7c , 0x39 , 0x5e , 0x79 , 0x71 , 0x00};                            
  17          
  18          void delay(unsigned int xms)                            
  19          {
  20   1              unsigned int i,j;
  21   1              for(i=xms;i>0;i--)                    //i=xms即延时约xms毫秒
  22   1                      for(j=112;j>0;j--);
  23   1      }
  24          
  25          void main()
  26          {
  27   1                 while(1)
  28   1                 {
  29   2                              duan = sz[4];
  30   2                              wei1 = 0;
  31   2                              wei2 = 0;
  32   2                              wei3 = 0;
  33   2                              wei4 = 1;
  34   2                              delay(5);
  35   2                              duan = sz[3];
  36   2                              wei1 = 0;
  37   2                              wei2 = 0;
  38   2                              wei3 = 1;
  39   2                              wei4 = 0;
  40   2                              delay(5);
  41   2                              duan = sz[2];
  42   2                              wei1 = 0;
  43   2                              wei2 = 1;
  44   2                              wei3 = 0;
  45   2                              wei4 = 0;
  46   2                              delay(5);
  47   2                              duan = sz[1];
  48   2                              wei1 = 1;
  49   2                              wei2 = 0;
  50   2                              wei3 = 0;
  51   2                              wei4 = 0;
  52   2                              delay(5);
  53   2                 }
  54   1      }

C51 COMPILER V9.00   MAIN                                                                  07/01/2015 01:47:06 PAGE 2   


MODULE INFORMATION:   STATIC OVERLAYABLE
   CODE SIZE        =    102    ----
   CONSTANT SIZE    =     17    ----
   XDATA SIZE       =   ----    ----
   PDATA SIZE       =   ----    ----
   DATA SIZE        =   ----    ----
   IDATA SIZE       =   ----    ----
   BIT SIZE         =   ----    ----
END OF MODULE INFORMATION.


C51 COMPILATION COMPLETE.  0 WARNING(S),  0 ERROR(S)
