C51 COMPILER V9.00   MAIN                                                                  07/04/2015 13:07:05 PAGE 1   


C51 COMPILER V9.00, COMPILATION OF MODULE MAIN
OBJECT MODULE PLACED IN main.OBJ
COMPILER INVOKED BY: C:\Keil\C51\BIN\C51.EXE main.c BROWSE DEBUG OBJECTEXTEND

line level    source

   1          /******************************************
   2          *实验名：外部中断实验（低电平触发）
   3          *实验效果：给P3.2低电平触发中断，让led灯
   4          *                  触发前后四位状态调换
   5          ******************************************/
   6          #include<reg52.h>
   7          
   8          void delay(unsigned int xms)                            
   9          {
  10   1              unsigned int i,j;
  11   1              for(i=xms;i>0;i--)                    //i=xms即延时约xms毫秒
  12   1                      for(j=112;j>0;j--);
  13   1      }
  14          
  15          void main()
  16          {
  17   1              P1 = 0x0f;// 0000 1111 下面四个灯亮 上面四个灯灭
  18   1              EX0 = 1;//INT0中断允许
  19   1              EA = 1;//全局中断打开
  20   1              IT0 = 0;//触发方式为低电平触发
  21   1              while(1);
  22   1      }
  23          
  24          void low() interrupt 0
  25          {
  26   1              P1 = ~P1;
  27   1              delay(200);
  28   1      }


MODULE INFORMATION:   STATIC OVERLAYABLE
   CODE SIZE        =     79    ----
   CONSTANT SIZE    =   ----    ----
   XDATA SIZE       =   ----    ----
   PDATA SIZE       =   ----    ----
   DATA SIZE        =   ----    ----
   IDATA SIZE       =   ----    ----
   BIT SIZE         =   ----    ----
END OF MODULE INFORMATION.


C51 COMPILATION COMPLETE.  0 WARNING(S),  0 ERROR(S)
