C51 COMPILER V9.00   MAIN                                                                  06/17/2015 10:04:06 PAGE 1   


C51 COMPILER V9.00, COMPILATION OF MODULE MAIN
OBJECT MODULE PLACED IN main.OBJ
COMPILER INVOKED BY: C:\Keil\C51\BIN\C51.EXE main.c BROWSE DEBUG OBJECTEXTEND

line level    source

   1          /************************************
   2          *实验名：流水灯
   3          *实验效果：流水灯（循环移位）
   4          *************************************/
   5          #include<reg52.h>
   6          #include<intrins.h>
   7          #include"delay.h"
   8          void main()
   9          {
  10   1              P1 = 0xfe;//1111 1110
  11   1              while(1)
  12   1              {
  13   2                      delay(500);
  14   2                      P1 =_crol_(P1,1);/*将P1循环左移1位*/
  15   2              }
  16   1      }


MODULE INFORMATION:   STATIC OVERLAYABLE
   CODE SIZE        =     55    ----
   CONSTANT SIZE    =   ----    ----
   XDATA SIZE       =   ----    ----
   PDATA SIZE       =   ----    ----
   DATA SIZE        =   ----    ----
   IDATA SIZE       =   ----    ----
   BIT SIZE         =   ----    ----
END OF MODULE INFORMATION.


C51 COMPILATION COMPLETE.  0 WARNING(S),  0 ERROR(S)
