C51 COMPILER V9.00   MAIN                                                                  08/22/2015 15:09:33 PAGE 1   


C51 COMPILER V9.00, COMPILATION OF MODULE MAIN
OBJECT MODULE PLACED IN main.OBJ
COMPILER INVOKED BY: C:\Keil\C51\BIN\C51.EXE main.c BROWSE DEBUG OBJECTEXTEND

line level    source

   1          /**********************BST-M51实验开发板例程************************
   2          *  平台：BST-M51 + Keil U4 + STC89C52
   3          *  名称：24L01无线发射（一对多）
   4          *  公司：深圳市亚博软件开发有限公司       
   5          *  日期：2015-6
   6          *  晶振:11.0592MHZ
   7          ******************************************************************/
   8          #include<reg52.h>
   9          #include"NRF24L01.h"  
  10          #include"Delay.h"
  11          
  12          sbit  beep=P2^3;
  13          sbit  led=P1^0;
  14          sbit  key1=P3^4;
  15          sbit  key2=P3^5;
  16          sbit  key3=P3^6;
  17          sbit  key4=P3^7;
  18          
  19          //unsigned int num;
  20          
  21          idata unsigned char TxDate0[TX_DATA_WITDH]={0x3f};                        //发送给主机的数据     数码管 0
  22          idata unsigned char TxDate1[TX_DATA_WITDH]={0x06};                        //发送给主机的数据     数码管 1
  23          idata unsigned char TxDate2[TX_DATA_WITDH]={0x5b};                        //发送给主机的数据     数码管 2
  24          idata unsigned char TxDate3[TX_DATA_WITDH]={0x4f};                        //发送给主机的数据     数码管 3
  25          //idata unsigned char TxDate4[TX_DATA_WITDH]={0x66};                      //发送给主机的数据     数码管 4
  26          //idata unsigned char TxDate5[TX_DATA_WITDH]={0x6d};                      //发送给主机的数据     数码管 5
  27          
  28          void main()
  29          {
  30   1      
  31   1       // num =0 ;   
  32   1         led = 1; 
  33   1      
  34   1         NRF24L01Int();     
  35   1        
  36   1         
  37   1         while(1)
  38   1          {      
  39   2                 if(key1 == 0)                                                                          //KEY1按下，等待发送数据给从机0
  40   2                    {
  41   3                             Delay(20);
  42   3                                 if(key1==0)
  43   3                                 {
  44   4                       Tx_Mode();
  45   4                               NRFSetTxMode0(TxDate0);  //发送给接收机0
  46   4                               while(CheckACK());           //检测是否发送完毕,检测应答信号                                   
  47   4                             } 
  48   3                         }
  49   2      
  50   2       
  51   2                       if(key2 == 0)                                                                    //KEY2按下，等待发送数据给从机1
  52   2                    {
  53   3                             Delay(20);
  54   3                                 if(key2==0)
  55   3                                 {
C51 COMPILER V9.00   MAIN                                                                  08/22/2015 15:09:33 PAGE 2   

  56   4                       Tx_Mode();
  57   4                               NRFSetTxMode1(TxDate1);  //发送给接收机1
  58   4                               while(CheckACK());           //检测是否发送完毕,检测应答信号                                   
  59   4                             } 
  60   3                         }
  61   2      
  62   2               if(key3 == 0)                                                                    //KEY3按下，等待发送数据给从机2
  63   2                    {
  64   3                             Delay(20);
  65   3                                 if(key3==0)
  66   3                                 {
  67   4                       Tx_Mode();
  68   4                               NRFSetTxMode2(TxDate2);  //发送给接收机2
  69   4                               while(CheckACK());           //检测是否发送完毕,检测应答信号                                   
  70   4                             } 
  71   3                         }
  72   2      
  73   2            if(key4 == 0)                                                                       //KEY4按下，等待发送数据给从机3
  74   2                    {
  75   3                             Delay(20);
  76   3                                 if(key4 ==0)
  77   3                                 {
  78   4                       Tx_Mode();
  79   4                               NRFSetTxMode3(TxDate3);  //发送给接收机3
  80   4                               while(CheckACK());           //检测是否发送完毕,检测应答信号                                   
  81   4                             } 
  82   3                         }
  83   2       
  84   2              
  85   2              }       
  86   1      }


MODULE INFORMATION:   STATIC OVERLAYABLE
   CODE SIZE        =    131    ----
   CONSTANT SIZE    =   ----    ----
   XDATA SIZE       =   ----    ----
   PDATA SIZE       =   ----    ----
   DATA SIZE        =   ----    ----
   IDATA SIZE       =      8    ----
   BIT SIZE         =   ----    ----
END OF MODULE INFORMATION.


C51 COMPILATION COMPLETE.  0 WARNING(S),  0 ERROR(S)
