C51 COMPILER V9.00   MAIN                                                                  07/23/2015 11:19:22 PAGE 1   


C51 COMPILER V9.00, COMPILATION OF MODULE MAIN
OBJECT MODULE PLACED IN main.OBJ
COMPILER INVOKED BY: C:\Keil\C51\BIN\C51.EXE main.c BROWSE DEBUG OBJECTEXTEND

line level    source

   1          /**********************BST-M51实验开发板例程************************
   2          *  平台：BST-M51 + Keil U4 + STC89C52
   3          *  名称：流水灯模块实验
   4          *  公司：深圳市亚博软件开发有限公司      
   5          *  日期：2015-6
   6          *  晶振:11.0592MHZ
   7          *  说明：免费开源，不提供源代码分析.
   8          ******************************************************************/
   9          /*---------------------------------------------------------------*/
  10          #include<reg52.h> //包含头文件，一般情况不需要改动，
  11                            //头文件包含特殊功能寄存器的定义
  12          
  13          sbit LED0=P1^0;// 用sbit 关键字 定义 LED到P1.0端口，
  14                         //LED是自己任意定义且容易记忆的符号
  15          
  16          void Delay(unsigned int t); //函数声明
  17          /*------------------------------------------------
  18                              主函数
  19          ------------------------------------------------*/
  20          void main (void)
  21          {
  22   1                        //此方法使用bit位对单个端口赋值
  23   1      unsigned char i;  //定义一个无符号字符型局部变量 i 取值范围 0~255
  24   1      
  25   1              P1=0xFF;//P1口置1
  26   1      
  27   1      while (1)         //主循环
  28   1        {
  29   2       for(i=0;i<10;i++)   //加入 for循环，表明for循环大括号中的程序循环执行10次
  30   2        {
  31   3        LED0=0;            //将P1.0口赋值 0，对外输出低电平
  32   3        Delay(5000);       //调用延时程序；更改延时数字可以更改延时长度；
  33   3                           //用于改变闪烁频率
  34   3        LED0=1;            //将P1.0口赋值 1，对外输出高电平
  35   3        Delay(5000);
  36   3        }
  37   2      
  38   2       for(i=0;i<10;i++)
  39   2        {
  40   3        LED0=0;            //将P1.0口赋值 0，对外输出低电平
  41   3        Delay(60000);      //调用延时程序；更改延时数字可以更改延时长度；
  42   3                           //用于改变闪烁频率
  43   3        LED0=1;            //将P1.0口赋值 1，对外输出高电平
  44   3        Delay(60000);      
  45   3       }
  46   2                           //主循环中添加其他需要一直工作的程序
  47   2       }
  48   1      }
  49          /*------------------------------------------------
  50           延时函数，含有输入参数 unsigned int t，无返回值
  51           unsigned int 是定义无符号整形变量，其值的范围是
  52           0~65535
  53          ------------------------------------------------*/
  54          void Delay(unsigned int t)
  55          {
C51 COMPILER V9.00   MAIN                                                                  07/23/2015 11:19:22 PAGE 2   

  56   1       while(--t);
  57   1      }


MODULE INFORMATION:   STATIC OVERLAYABLE
   CODE SIZE        =     75    ----
   CONSTANT SIZE    =   ----    ----
   XDATA SIZE       =   ----    ----
   PDATA SIZE       =   ----    ----
   DATA SIZE        =   ----       1
   IDATA SIZE       =   ----    ----
   BIT SIZE         =   ----    ----
END OF MODULE INFORMATION.


C51 COMPILATION COMPLETE.  0 WARNING(S),  0 ERROR(S)
