C51 COMPILER V9.00   MAIN                                                                  07/23/2015 11:19:59 PAGE 1   


C51 COMPILER V9.00, COMPILATION OF MODULE MAIN
OBJECT MODULE PLACED IN main.OBJ
COMPILER INVOKED BY: C:\Keil\C51\BIN\C51.EXE main.c BROWSE DEBUG OBJECTEXTEND

line level    source

   1          /**********************BST-M51实验开发板例程************************
   2          *  平台：BST-M51 + Keil U4 + STC89C52
   3          *  名称：流水灯模块实验
   4          *  公司：深圳市亚博软件开发有限公司      
   5          *  日期：2015-6
   6          *  晶振:11.0592MHZ
   7          *  说明：免费开源，不提供源代码分析.
   8          ******************************************************************/
   9          /*---------------------------------------------------------------*/
  10          #include<reg52.h> //包含头文件，一般情况不需要改动，
  11                            //头文件包含特殊功能寄存器的定义
  12          /*-------------------------IO口定义----------------------------*/
  13          
  14          sbit LED0=P1^0;// 用sbit 关键字 定义 LED到P1.0端口，LED是自己任意定义且容易记忆的符号
  15          sbit LED1=P1^1;
  16          sbit LED2=P1^2;
  17          sbit LED3=P1^3;
  18          sbit LED4=P1^4;
  19          sbit LED5=P1^5;
  20          sbit LED6=P1^6;
  21          sbit LED7=P1^7;
  22          
  23          void Delay(unsigned int t); //函数声明
  24          /*------------------------------------------------
  25                              主函数
  26          ------------------------------------------------*/
  27          void main (void)
  28          {
  29   1                        //此方法使用bit位对单个端口赋值
  30   1      unsigned char i;  //定义一个无符号字符型局部变量 i 取值范围 0~255
  31   1      
  32   1              P1=0xFF;//P1口置1
  33   1              
  34   1              while (1)         //主循环
  35   1        {
  36   2       for(i=0;i<10;i++)   //加入 for循环，表明for循环大括号中
  37   2                                               //的程序循环执行10次
  38   2        {
  39   3        LED0=0;            //将P1.0口赋值 0，对外输出低电平
  40   3        LED2=1;
  41   3        LED4=0;
  42   3        Delay(5000);      //调用延时程序；更改延时数字可以更改延时长度；
  43   3                                              //用于改变闪烁频率
  44   3        LED0=1;           //将P1.0口赋值 1，对外输出高电平
  45   3        LED2=0;
  46   3        LED4=1;                
  47   3        Delay(5000);
  48   3        }
  49   2      
  50   2       for(i=0;i<10;i++)
  51   2        {
  52   3        LED0=0;            //将P1.0口赋值 0，对外输出低电平
  53   3        LED2=1;
  54   3        LED4=0;
  55   3        Delay(60000);      //调用延时程序；更改延时数字可以更改延时长度；
C51 COMPILER V9.00   MAIN                                                                  07/23/2015 11:19:59 PAGE 2   

  56   3                                               //用于改变闪烁频率
  57   3        LED0=1;            //将P1.0口赋值 1，对外输出高电平
  58   3        LED2=0;
  59   3        LED4=1;
  60   3        Delay(60000);      
  61   3        }
  62   2                           //主循环中添加其他需要一直工作的程序
  63   2       }
  64   1      }
  65          /*------------------------------------------------
  66           延时函数，含有输入参数 unsigned int t，无返回值
  67           unsigned int 是定义无符号整形变量，其值的范围是
  68           0~65535
  69          ------------------------------------------------*/
  70          void Delay(unsigned int t)
  71          {
  72   1       while(--t);
  73   1      }


MODULE INFORMATION:   STATIC OVERLAYABLE
   CODE SIZE        =     91    ----
   CONSTANT SIZE    =   ----    ----
   XDATA SIZE       =   ----    ----
   PDATA SIZE       =   ----    ----
   DATA SIZE        =   ----       1
   IDATA SIZE       =   ----    ----
   BIT SIZE         =   ----    ----
END OF MODULE INFORMATION.


C51 COMPILATION COMPLETE.  0 WARNING(S),  0 ERROR(S)
