C51 COMPILER V9.00   MAIN                                                                  07/23/2015 11:41:15 PAGE 1   


C51 COMPILER V9.00, COMPILATION OF MODULE MAIN
OBJECT MODULE PLACED IN main.OBJ
COMPILER INVOKED BY: C:\Keil\C51\BIN\C51.EXE main.c BROWSE DEBUG OBJECTEXTEND

line level    source

   1          /**********************BST-M51实验开发板例程************************
   2          *  平台：BST-M51 + Keil U4 + STC89C52
   3          *  名称：流水灯模块实验
   4          *  公司：深圳市亚博软件开发有限公司      
   5          *  日期：2015-6
   6          *  晶振:11.0592MHZ
   7          *  说明：免费开源，不提供源代码分析.
   8          ******************************************************************/
   9          #include<reg52.h> //包含头文件，一般情况不需要改动，
  10                            //头文件包含特殊功能寄存器的定义
  11          
  12          /*------------------------------------------------
  13                             查表表格
  14          ------------------------------------------------*/
  15          unsigned char code table[]={0x7f,0xbf,0xdf,0xef,
  16                                      0xf7,0xfb,0xfd,0xfe,
  17                                                                  0xff,0xff,0x00,0x00,
  18                                                                  0x55,0x55,0xaa,0xaa
  19                                                                  };
  20                                                          //rom允许情况可以无限添加
  21          /*------------------------------------------------
  22                            函数声明
  23          ------------------------------------------------*/
  24          void Delay(unsigned int t); //函数声明
  25          /*------------------------------------------------
  26                              主函数
  27          ------------------------------------------------*/
  28          void main (void)
  29          {
  30   1                        
  31   1      unsigned char i;  //定义一个无符号字符型局部变量 i 取值范围 0~255
  32   1      
  33   1              P1=0xFF;//P1口置1
  34   1      
  35   1      while (1)         //主循环
  36   1        {
  37   2       for(i=0;i<16;i++)   //加入 for循环，表明for循环大括号中的程序循环
  38   2                           //执行16次，表明表格中有16个元素
  39   2          {
  40   3           P1=table[i];
  41   3           Delay(30000);
  42   3          }
  43   2                           //主循环中添加其他需要一直工作的程序
  44   2        }
  45   1      }
  46          /*------------------------------------------------
  47           延时函数，含有输入参数 unsigned int t，无返回值
  48           unsigned int 是定义无符号整形变量，其值的范围是
  49           0~65535
  50          ------------------------------------------------*/
  51          void Delay(unsigned int t)
  52          {
  53   1       while(--t);
  54   1      }

C51 COMPILER V9.00   MAIN                                                                  07/23/2015 11:41:15 PAGE 2   


MODULE INFORMATION:   STATIC OVERLAYABLE
   CODE SIZE        =     42    ----
   CONSTANT SIZE    =     16    ----
   XDATA SIZE       =   ----    ----
   PDATA SIZE       =   ----    ----
   DATA SIZE        =   ----       1
   IDATA SIZE       =   ----    ----
   BIT SIZE         =   ----    ----
END OF MODULE INFORMATION.


C51 COMPILATION COMPLETE.  0 WARNING(S),  0 ERROR(S)
