C51 COMPILER V9.00   MAIN                                                                  07/23/2015 11:18:37 PAGE 1   


C51 COMPILER V9.00, COMPILATION OF MODULE MAIN
OBJECT MODULE PLACED IN main.OBJ
COMPILER INVOKED BY: C:\Keil\C51\BIN\C51.EXE main.c BROWSE DEBUG OBJECTEXTEND

line level    source

   1          /**********************BST-M51实验开发板例程************************
   2          *  平台：BST-M51 + Keil U4 + STC89C52
   3          *  名称：流水灯模块实验
   4          *  公司：深圳市亚博软件开发有限公司       
   5          *  日期：2015-6
   6          *  晶振:11.0592MHZ
   7          *  说明：免费开源，不提供源代码分析.
   8          ******************************************************************/
   9          /*---------------------------------------------------------------*/
  10          #include<reg52.h> //包含头文件，一般情况不需要改动，
  11                            //头文件包含特殊功能寄存器的定义
  12          /*-------------------------IO口定义----------------------------*/
  13          
  14          sbit LED0=P1^0;// 用sbit 关键字 定义 LED到P1.0端口，
  15          //LED是自己任意定义且容易记忆的符号
  16          
  17          void Delay(unsigned int t); //函数声明
  18          /*------------------------------------------------
  19                              主函数
  20          /*------------------------------------------------*/
  21          void main (void)
  22          {
  23   1              P1=0xFF;//P1口置1
  24   1                        //此方法使用bit位对单个端口赋值
  25   1      
  26   1      
  27   1      while (1)         //主循环
  28   1        {
  29   2        LED0=0;            //将P1.0口赋值 0，对外输出低电平
  30   2        Delay(10000);      //调用延时程序；更改延时数字可以更改延时长度；
  31   2                           //用于改变闪烁频率
  32   2        LED0=1;            //将P1.0口赋值 1，对外输出高电平
  33   2        Delay(10000);
  34   2                           //主循环中添加其他需要一直工作的程序
  35   2        }
  36   1      }
  37          /*------------------------------------------------
  38           延时函数，含有输入参数 unsigned int t，无返回值
  39           unsigned int 是定义无符号整形变量，其值的范围是
  40           0~65535
  41          ------------------------------------------------*/
  42          void Delay(unsigned int t)
  43          {
  44   1       while(--t);
  45   1      }


MODULE INFORMATION:   STATIC OVERLAYABLE
   CODE SIZE        =     33    ----
   CONSTANT SIZE    =   ----    ----
   XDATA SIZE       =   ----    ----
   PDATA SIZE       =   ----    ----
   DATA SIZE        =   ----    ----
   IDATA SIZE       =   ----    ----
   BIT SIZE         =   ----    ----
C51 COMPILER V9.00   MAIN                                                                  07/23/2015 11:18:37 PAGE 2   

END OF MODULE INFORMATION.


C51 COMPILATION COMPLETE.  0 WARNING(S),  0 ERROR(S)
