C51 COMPILER V9.00   MAIN                                                                  08/22/2015 14:03:48 PAGE 1   


C51 COMPILER V9.00, COMPILATION OF MODULE MAIN
OBJECT MODULE PLACED IN main.OBJ
COMPILER INVOKED BY: C:\Keil\C51\BIN\C51.EXE main.c BROWSE DEBUG OBJECTEXTEND

line level    source

   1          /**********************BST-V51实验开发板例程************************
   2          *  平台：BST-M51 + Keil U4 + STC89C52RD
   3          *  名称：自制秒表
   4          *  公司：深圳市亚博软件开发有限公司      
   5          *  晶振:11.0592MHZ
   6          *  实验效果：利用步进电机转角的精准制作圆形秒表
   7          ******************************************************************/
   8          #include <reg52.h>
   9          
  10          #define dula P0         //段选信号的锁存器控制
  11          sbit wei1=P2^4;
  12          sbit wei2=P2^5;
  13          sbit wei3=P2^6;
  14          sbit wei4=P2^7;
  15          sbit fm = P2^3;
  16          
  17          unsigned char code table[]={0x3f,0x06,0x5b,0x4f,0x66,0x6d,0x7d,
  18                                  0x07,0x7f,0x6f,0x77,0x7c,0x39,0x5e,0x79,0x71};
  19          
  20          sbit A1=P1^0; //定义步进电机连接端口
  21          sbit B1=P1^1;
  22          sbit C1=P1^2;
  23          sbit D1=P1^3;
  24          
  25          #define Coil_AB1 {A1=0;B1=0;C1=1;D1=1;}//AB相通电，其他相断电
  26          #define Coil_BC1 {A1=1;B1=0;C1=0;D1=1;}//BC相通电，其他相断电
  27          #define Coil_CD1 {A1=1;B1=1;C1=0;D1=0;}//CD相通电，其他相断电
  28          #define Coil_DA1 {A1=0;B1=1;C1=1;D1=0;}//D相通电，其他相断电
  29          #define Coil_A1 {A1=0;B1=1;C1=1;D1=1;}//A相通电，其他相断电
  30          #define Coil_B1 {A1=1;B1=0;C1=1;D1=1;}//B相通电，其他相断电
  31          #define Coil_C1 {A1=1;B1=1;C1=0;D1=1;}//C相通电，其他相断电
  32          #define Coil_D1 {A1=1;B1=1;C1=1;D1=0;}//D相通电，其他相断电
  33          #define Coil_OFF {A1=1;B1=1;C1=1;D1=1;}//全部断电
  34          
  35          unsigned int count=0;
  36          bit StopFlag;
  37          void display(unsigned char num);
  38          void Init_Timer0(void);
  39          /*------------------------------------------------
  40          延时函数，毫秒级别
  41          ------------------------------------------------*/
  42          void delay(unsigned int xms)                            
  43          {
  44   1              unsigned int i,j;
  45   1              for(i=xms;i>0;i--)                    //i=xms即延时约xms毫秒
  46   1                      for(j=112;j>0;j--);
  47   1      }
  48          
  49          
  50          /*------------------------------------------------
  51                              主函数
  52          ------------------------------------------------*/
  53          main()
  54          {
  55   1       unsigned int time=0;
C51 COMPILER V9.00   MAIN                                                                  08/22/2015 14:03:48 PAGE 2   

  56   1       Init_Timer0();
  57   1       fm = 1;
  58   1       Coil_OFF
  59   1       while(1)
  60   1       {
  61   2               if(count == 68)
  62   2               {
  63   3                      count = 0;
  64   3                      time++;
  65   3                      if(time == 60)
  66   3                              time = 0;
  67   3                      fm = 0;
  68   3                      delay(10);
  69   3                      fm =1;
  70   3               }
  71   2               display(time);
  72   2       }
  73   1      }
  74          
  75          /*------------------------------------------------
  76           数码管显示函数，用于动态扫描数码管
  77          ------------------------------------------------*/
  78          void display(unsigned char num)
  79          {
  80   1                      unsigned char shi,ge;
  81   1      
  82   1                      shi = num/10;
  83   1                      ge = num%10;
  84   1      
  85   1                      wei1=0;         //显示十位
  86   1                      wei2=0;
  87   1                      wei3=1;
  88   1                      wei4=0;
  89   1                      P0=table[shi];
  90   1                      delay(2);
  91   1                      
  92   1                      wei1=0;         //显示个位
  93   1                      wei2=0;
  94   1                      wei3=0;
  95   1                      wei4=1;
  96   1                      P0=table[ge];
  97   1                      delay(2);
  98   1      }
  99          /*------------------------------------------------
 100                              定时器初始化子程序
 101          ------------------------------------------------*/
 102          void Init_Timer0(void)
 103          {
 104   1       TMOD |= 0x01;    //使用模式1，16位定时器，使用"|"符号可以在使用多个定时器时不受影响                 
 105   1       TH0=0xcb;                //重新赋值 1/68s
 106   1       TL0=0x0f;
 107   1       EA=1;            //总中断打开
 108   1       ET0=1;           //定时器中断打开
 109   1       TR0=1;           //定时器开关打开
 110   1      }
 111          /*------------------------------------------------
 112                           定时器中断子程序
 113          ------------------------------------------------*/
 114          void Timer0_isr(void) interrupt 1 
 115          {
 116   1       static unsigned char i;
 117   1       TH0=0xcb;                //重新赋值 1/68s
C51 COMPILER V9.00   MAIN                                                                  08/22/2015 14:03:48 PAGE 3   

 118   1       TL0=0x0f;
 119   1       
 120   1         switch(i)
 121   1             {
 122   2                  case 0:Coil_A1;i++;break;
 123   2                      case 1:Coil_AB1;i++;break;
 124   2                      case 2:Coil_B1;i++;break;
 125   2                      case 3:Coil_BC1;i++;break;
 126   2                      case 4:Coil_C1;i++;break;
 127   2                      case 5:Coil_CD1;i++;break;
 128   2                      case 6:Coil_D1;i++;break;
 129   2                      case 7:Coil_DA1;i=0;break;
 130   2                  default:break;
 131   2                 }
 132   1       count++;
 133   1      }
 134          
 135          


MODULE INFORMATION:   STATIC OVERLAYABLE
   CODE SIZE        =    317    ----
   CONSTANT SIZE    =     16    ----
   XDATA SIZE       =   ----    ----
   PDATA SIZE       =   ----    ----
   DATA SIZE        =      3       2
   IDATA SIZE       =   ----    ----
   BIT SIZE         =      1    ----
END OF MODULE INFORMATION.


C51 COMPILATION COMPLETE.  0 WARNING(S),  0 ERROR(S)
