C51 COMPILER V9.00   MAIN                                                                  07/23/2015 11:39:49 PAGE 1   


C51 COMPILER V9.00, COMPILATION OF MODULE MAIN
OBJECT MODULE PLACED IN main.OBJ
COMPILER INVOKED BY: C:\Keil\C51\BIN\C51.EXE main.c BROWSE DEBUG OBJECTEXTEND

line level    source

   1          /**********************BST-M51实验开发板例程************************
   2          *  平台：BST-M51 + Keil U4 + STC89C52
   3          *  名称：流水灯模块实验
   4          *  公司：深圳市亚博软件开发有限公司      
   5          *  日期：2015-6
   6          *  晶振:11.0592MHZ
   7          *  说明：免费开源，不提供源代码分析.
   8          ******************************************************************/
   9          /*---------------------------------------------------------------*/
  10          #include<reg52.h> //包含头文件，一般情况不需要改动，
  11                            //头文件包含特殊功能寄存器的定义
  12          
  13          void Delay(unsigned int t); //函数声明
  14          
  15          /*------------------------------------------------
  16                              主函数
  17          ------------------------------------------------*/
  18          void main (void)
  19          {
  20   1                        
  21   1      unsigned char i;  //定义一个无符号字符型局部变量 i 取值范围 0~255
  22   1      
  23   1              P1=0xFF;//P1口置1
  24   1              
  25   1      Delay(50000);
  26   1      P1=0x7F;           //赋初始值
  27   1      for(i=0;i<8;i++)   //加入 for循环，表明for循环大括号中的程序循环执行8次
  28   1        {
  29   2         Delay(50000);
  30   2         P1>>=1;
  31   2        }
  32   1      while (1)         //主循环
  33   1        {
  34   2                         //主循环中添加其他需要一直工作的程序
  35   2        }
  36   1      }
  37          /*------------------------------------------------
  38           延时函数，含有输入参数 unsigned int t，无返回值
  39           unsigned int 是定义无符号整形变量，其值的范围是
  40           0~65535
  41          ------------------------------------------------*/
  42          void Delay(unsigned int t)
  43          {
  44   1       while(--t);
  45   1      }


MODULE INFORMATION:   STATIC OVERLAYABLE
   CODE SIZE        =     50    ----
   CONSTANT SIZE    =   ----    ----
   XDATA SIZE       =   ----    ----
   PDATA SIZE       =   ----    ----
   DATA SIZE        =   ----       1
   IDATA SIZE       =   ----    ----
   BIT SIZE         =   ----    ----
C51 COMPILER V9.00   MAIN                                                                  07/23/2015 11:39:49 PAGE 2   

END OF MODULE INFORMATION.


C51 COMPILATION COMPLETE.  0 WARNING(S),  0 ERROR(S)
