C51 COMPILER V9.00   MAIN                                                                  07/23/2015 11:40:49 PAGE 1   


C51 COMPILER V9.00, COMPILATION OF MODULE MAIN
OBJECT MODULE PLACED IN main.OBJ
COMPILER INVOKED BY: C:\Keil\C51\BIN\C51.EXE main.c BROWSE DEBUG OBJECTEXTEND

line level    source

   1          /**********************BST-M51实验开发板例程************************
   2          *  平台：BST-M51 + Keil U4 + STC89C52
   3          *  名称：流水灯模块实验
   4          *  公司：深圳市亚博软件开发有限公司  
   5          *  日期：2015-6
   6          *  晶振:11.0592MHZ
   7          *  说明：免费开源，不提供源代码分析.
   8          ******************************************************************/
   9          /*---------------------------------------------------------------*/
  10          #include<reg52.h> //包含头文件，一般情况不需要改动，
  11                            //头文件包含特殊功能寄存器的定义
  12          
  13          void Delay(unsigned int t); //函数声明
  14          
  15          /*------------------------------------------------
  16                              主函数
  17          ------------------------------------------------*/
  18          void main (void)
  19          {
  20   1                        
  21   1      unsigned char i;  //定义一个无符号字符型局部变量 i 取值范围 0~255
  22   1      
  23   1              P1=0xFF;//P1口置1
  24   1              
  25   1      Delay(50000);
  26   1      P1=0x7f;           //赋初始值
  27   1      while (1)          //主循环
  28   1        {
  29   2       for(i=0;i<8;i++)   //加入 for循环，表明for循环大括号中的程序循环执行8次
  30   2        {
  31   3         Delay(50000);
  32   3         P1>>=1;
  33   3         P1=P1|0x80;     //右移后，最左端自动赋值0，所以需要该语句赋值1
  34   3        } 
  35   2        P1=0x7f;           //重新赋初始值
  36   2        //主循环中添加其他需要一直工作的程序
  37   2        }
  38   1      }
  39          /*------------------------------------------------
  40           延时函数，含有输入参数 unsigned int t，无返回值
  41           unsigned int 是定义无符号整形变量，其值的范围是
  42           0~65535
  43          ------------------------------------------------*/
  44          void Delay(unsigned int t)
  45          {
  46   1       while(--t);
  47   1      }


MODULE INFORMATION:   STATIC OVERLAYABLE
   CODE SIZE        =     56    ----
   CONSTANT SIZE    =   ----    ----
   XDATA SIZE       =   ----    ----
   PDATA SIZE       =   ----    ----
   DATA SIZE        =   ----       1
C51 COMPILER V9.00   MAIN                                                                  07/23/2015 11:40:49 PAGE 2   

   IDATA SIZE       =   ----    ----
   BIT SIZE         =   ----    ----
END OF MODULE INFORMATION.


C51 COMPILATION COMPLETE.  0 WARNING(S),  0 ERROR(S)
