C51 COMPILER V9.00   MAIN                                                                  07/01/2015 04:48:27 PAGE 1   


C51 COMPILER V9.00, COMPILATION OF MODULE MAIN
OBJECT MODULE PLACED IN main.OBJ
COMPILER INVOKED BY: C:\Keil\C51\BIN\C51.EXE main.c BROWSE DEBUG OBJECTEXTEND

line level    source

   1          /*************************************************
   2          *实验名：独立键盘输入
   3          *实验效果：按下第1个独立按键K1 2个红色的led灯亮
   4                             按下第2个独立按键K1 2个绿色的led灯亮
   5                             按下第3个独立按键K1 2个黄色的led灯亮
   6                             按下第4个独立按键K1 2个蓝色的led灯亮
   7          *************************************************/
   8          #include<reg52.h>
   9          
  10          sbit led1 = P1^0;//RED
  11          sbit led2 = P1^1;//RED
  12          sbit led3 = P1^2;//GREEN
  13          sbit led4 = P1^3;//GREEN
  14          sbit led5 = P1^4;//YELLOW
  15          sbit led6 = P1^5;//YELLOW
  16          sbit led7 = P1^6;//BLUE
  17          sbit led8 = P1^7;//BLUE
  18          
  19          sbit k1 = P3^4;
  20          sbit k2 = P3^5;
  21          sbit k3 = P3^6;
  22          sbit k4 = P3^7;
  23          
  24          void main()
  25          {
  26   1              P1 = 0xff;//熄灭所有led灯
  27   1              while(1)
  28   1              {
  29   2              led1 = k1;
  30   2              led2 = k1;
  31   2              /*      if(k1 == 0)
  32   2                      {
  33   2                              led1 = 0;
  34   2                              led2 = 0;
  35   2                      }
  36   2                      else
  37   2                      {
  38   2                              led1 = 1;
  39   2                              led2 = 1;
  40   2                      }
  41   2              */
  42   2              led3 = k2;
  43   2              led4 = k2;
  44   2              led5 = k3;      
  45   2              led6 = k3;
  46   2              led7 = k4;
  47   2              led8 = k4;
  48   2              }
  49   1      }


MODULE INFORMATION:   STATIC OVERLAYABLE
   CODE SIZE        =     37    ----
   CONSTANT SIZE    =   ----    ----
   XDATA SIZE       =   ----    ----
C51 COMPILER V9.00   MAIN                                                                  07/01/2015 04:48:27 PAGE 2   

   PDATA SIZE       =   ----    ----
   DATA SIZE        =   ----    ----
   IDATA SIZE       =   ----    ----
   BIT SIZE         =   ----    ----
END OF MODULE INFORMATION.


C51 COMPILATION COMPLETE.  0 WARNING(S),  0 ERROR(S)
