C51 COMPILER V9.00   MAIN                                                                  08/22/2015 15:12:52 PAGE 1   


C51 COMPILER V9.00, COMPILATION OF MODULE MAIN
OBJECT MODULE PLACED IN main.OBJ
COMPILER INVOKED BY: C:\Keil\C51\BIN\C51.EXE main.c BROWSE DEBUG OBJECTEXTEND

line level    source

   1          /**********************BST-M51实验开发板例程************************
   2          *  平台：BST-M51 + Keil U4 + STC89C52
   3          *  名称：24L01无线接收（从机2）
   4          *  公司：深圳市亚博软件开发有限公司       
   5          *  日期：2015-6
   6          *  晶振:11.0592MHZ
   7          ******************************************************************/
   8          #include<reg52.h>
   9          #include"NRF24L01.h"  
  10          #include"Delay.h"
  11          
  12          
  13          sbit led = P1^1;
  14          //idata unsigned char TxDate[TX_DATA_WITDH]={3,3};                        //发送给主机的数据
  15          
  16          
  17          
  18          void main()
  19          {
  20   1      
  21   1         unsigned int num=0 ;   
  22   1         led = 1; 
  23   1      
  24   1         NRF24L01Int();  
  25   1         uart_init();   
*** WARNING C206 IN LINE 25 OF MAIN.C: 'uart_init': missing function-prototype
  26   1        
  27   1         
  28   1         while(1)
  29   1          {      
  30   2      
  31   2       
  32   2                 NRFSetRXMode();   //设置为接收模式  
  33   2                 GetDate();        //开始接收数据 ，实时接收
  34   2      
  35   2      
  36   2      
  37   2              
  38   2              }       
  39   1      }


MODULE INFORMATION:   STATIC OVERLAYABLE
   CODE SIZE        =     21    ----
   CONSTANT SIZE    =   ----    ----
   XDATA SIZE       =   ----    ----
   PDATA SIZE       =   ----    ----
   DATA SIZE        =   ----       2
   IDATA SIZE       =   ----    ----
   BIT SIZE         =   ----    ----
END OF MODULE INFORMATION.


C51 COMPILATION COMPLETE.  1 WARNING(S),  0 ERROR(S)
