C51 COMPILER V9.00   MAIN                                                                  07/23/2015 11:27:47 PAGE 1   


C51 COMPILER V9.00, COMPILATION OF MODULE MAIN
OBJECT MODULE PLACED IN main.OBJ
COMPILER INVOKED BY: C:\Keil\C51\BIN\C51.EXE main.c BROWSE DEBUG OBJECTEXTEND

line level    source

   1          /**********************BST-M51实验开发板例程************************
   2          *  平台：BST-M51 + Keil U4 + STC89C52
   3          *  名称：流水灯模块实验
   4          *  公司：深圳市亚博软件开发有限公司      
   5          *  日期：2013-11
   6          *  晶振:11.0592MHZ
   7          *  说明：免费开源，不提供源代码分析.
   8          ******************************************************************/
   9          /*---------------------------------------------------------------*/
  10          #include<reg52.h> //包含头文件，一般情况不需要改动，
  11                            //头文件包含特殊功能寄存器的定义
  12          
  13          
  14          void Delay(unsigned int t); //函数声明
  15          
  16          /*------------------------------------------------
  17                              主函数
  18          ------------------------------------------------*/
  19          void main (void)
  20          {
  21   1                        
  22   1      unsigned char i;  //定义一个无符号字符型局部变量 i 取值范围 0~255
  23   1      
  24   1              P1=0xFF;//P1口置1
  25   1              
  26   1      Delay(50000);
  27   1      P1=0xfe;           //赋初始值
  28   1      for(i=0;i<8;i++)   //加入 for循环，表明for循环大括号中的程序循环执行8次
  29   1        {
  30   2         Delay(50000);
  31   2         P1<<=1;
  32   2        }
  33   1      while (1)         //主循环
  34   1        {
  35   2                         //主循环中添加其他需要一直工作的程序
  36   2        }
  37   1      }
  38          /*------------------------------------------------
  39           延时函数，含有输入参数 unsigned int t，无返回值
  40           unsigned int 是定义无符号整形变量，其值的范围是
  41           0~65535
  42          ------------------------------------------------*/
  43          void Delay(unsigned int t)
  44          {
  45   1       while(--t);
  46   1      }


MODULE INFORMATION:   STATIC OVERLAYABLE
   CODE SIZE        =     50    ----
   CONSTANT SIZE    =   ----    ----
   XDATA SIZE       =   ----    ----
   PDATA SIZE       =   ----    ----
   DATA SIZE        =   ----       1
   IDATA SIZE       =   ----    ----
C51 COMPILER V9.00   MAIN                                                                  07/23/2015 11:27:47 PAGE 2   

   BIT SIZE         =   ----    ----
END OF MODULE INFORMATION.


C51 COMPILATION COMPLETE.  0 WARNING(S),  0 ERROR(S)
