C51 COMPILER V9.00   MAIN                                                                  07/04/2015 23:30:41 PAGE 1   


C51 COMPILER V9.00, COMPILATION OF MODULE MAIN
OBJECT MODULE PLACED IN main.OBJ
COMPILER INVOKED BY: C:\Keil\C51\BIN\C51.EXE main.c BROWSE DEBUG OBJECTEXTEND

line level    source

   1          /*************************************************
   2          *实验名：定时器实验
   3          *实验效果：第一个led灯以500ms一次的精确频率闪烁
   4          *************************************************/
   5          #include<reg52.h>
   6          
   7          sbit led = P1^0;
   8          int i = 0;
   9          
  10          void timer1_init()
  11          {
  12   1              TMOD = 0x10; //定时器0选择工作方式1
  13   1          TH1 = 0x4C;  //设置初始值，定时50ms
  14   1          TL1 = 0x00; 
  15   1          EA = 1;                      //打开总中断
  16   1          ET1 = 1;             //打开定时器0中断
  17   1          TR1 = 1;             //启动定时器0
  18   1      }
  19          
  20          void main()
  21          {
  22   1              led = 1;
  23   1              timer1_init();
  24   1              while(1)
  25   1              {
  26   2                      if(i==10)
  27   2                      {
  28   3                        led = ~led;
  29   3                        i = 0;
  30   3                      }
  31   2              }
  32   1      
  33   1      
  34   1      }
  35          
  36          void timer1() interrupt 3
  37          {
  38   1          TH1 = 0x4C;  //设置初始值，定时50ms
  39   1          TL1 = 0x00;
  40   1              i++;
  41   1      }


MODULE INFORMATION:   STATIC OVERLAYABLE
   CODE SIZE        =     56    ----
   CONSTANT SIZE    =   ----    ----
   XDATA SIZE       =   ----    ----
   PDATA SIZE       =   ----    ----
   DATA SIZE        =      2    ----
   IDATA SIZE       =   ----    ----
   BIT SIZE         =   ----    ----
END OF MODULE INFORMATION.


C51 COMPILATION COMPLETE.  0 WARNING(S),  0 ERROR(S)
