C51 COMPILER V9.00   MAIN                                                                  07/05/2015 23:24:25 PAGE 1   


C51 COMPILER V9.00, COMPILATION OF MODULE MAIN
OBJECT MODULE PLACED IN main.OBJ
COMPILER INVOKED BY: C:\Keil\C51\BIN\C51.EXE main.c BROWSE DEBUG OBJECTEXTEND

line level    source

   1          
   2          /**********************BST-V51实验开发板例程************************
   3          *  平台：BST-M51 + Keil U4 + STC89C52
   4          *  名称：LCD1602模块实验
   5          *  公司：深圳市亚博软件开发有限公司       
   6          *  日期：2015-6
   7          *  晶振:11.0592MHZ
   8          *  说明：免费开源，不提供源代码分析.
   9          ******************************************************************/
  10          //实验目的：
  11          /*-----------------------------------------------
  12            名称：LCD1602
  13            内容：通过标准程序静态显示字符
  14            引脚定义如下：1-VSS 2-VDD 3-V0 4-RS 5-R/W 6-E 7-14 DB0-DB7 15-BLA 16-BLK
  15          ------------------------------------------------*/
  16          #include<reg52.h> //包含头文件，一般情况不需要改动，头文件包含特殊功能寄存器的定义
  17          #include<intrins.h>
  18          
  19          sbit RS = P1^0;   //定义端口 
  20          sbit RW = P1^1;
  21          sbit EN = P2^5;
  22          
  23          #define RS_CLR RS=0 
  24          #define RS_SET RS=1
  25          
  26          #define RW_CLR RW=0 
  27          #define RW_SET RW=1 
  28          
  29          #define EN_CLR EN=0
  30          #define EN_SET EN=1
  31          
  32          #define DataPort P0
  33          
  34          /*------------------------------------------------
  35           uS延时函数，含有输入参数 unsigned char t，无返回值
  36           unsigned char 是定义无符号字符变量，其值的范围是
  37           0~255 这里使用晶振12M，精确延时请使用汇编,大致延时
  38           长度如下 T=tx2+5 uS 
  39          ------------------------------------------------*/
  40          void DelayUs2x(unsigned char t)
  41          {   
  42   1       while(--t);
  43   1      }
  44          /*------------------------------------------------
  45           mS延时函数，含有输入参数 unsigned char t，无返回值
  46           unsigned char 是定义无符号字符变量，其值的范围是
  47           0~255 这里使用晶振12M，精确延时请使用汇编
  48          ------------------------------------------------*/
  49          void DelayMs(unsigned char t)
  50          {
  51   1           
  52   1       while(t--)
  53   1       {
  54   2           //大致延时1mS
  55   2           DelayUs2x(245);
C51 COMPILER V9.00   MAIN                                                                  07/05/2015 23:24:25 PAGE 2   

  56   2               DelayUs2x(245);
  57   2       }
  58   1      }
  59          /*------------------------------------------------
  60                        判忙函数
  61          ------------------------------------------------*/
  62           bit LCD_Check_Busy(void) 
  63           { 
  64   1       RS_CLR; 
  65   1       RW_SET; 
  66   1       EN_CLR; 
  67   1       _nop_(); 
  68   1       EN_SET;
  69   1       return (bit)(DataPort & 0x80);//0x80;0x00
  70   1       }
  71          /*------------------------------------------------
  72                        写入命令函数
  73          ------------------------------------------------*/
  74           void LCD_Write_Com(unsigned char com) 
  75           {  
  76   1       while(LCD_Check_Busy()); //忙则等待
  77   1       RS_CLR; 
  78   1       RW_CLR; 
  79   1       EN_SET; 
  80   1       DataPort= com; 
  81   1       _nop_(); 
  82   1       EN_CLR;
  83   1       }
  84          /*------------------------------------------------
  85                        写入数据函数
  86          ------------------------------------------------*/
  87           void LCD_Write_Data(unsigned char Data) 
  88           { 
  89   1       while(LCD_Check_Busy()); //忙则等待
  90   1       RS_SET; 
  91   1       RW_CLR; 
  92   1       EN_SET; 
  93   1       DataPort= Data; 
  94   1       _nop_();
  95   1       EN_CLR;
  96   1       }
  97          
  98          /*------------------------------------------------
  99                          清屏函数
 100          ------------------------------------------------*/
 101           void LCD_Clear(void) 
 102           { 
 103   1       LCD_Write_Com(0x01); 
 104   1       DelayMs(5);
 105   1       }
 106          /*------------------------------------------------
 107                        写入字符串函数
 108          ------------------------------------------------*/
 109           void LCD_Write_String(unsigned char x,unsigned char y,unsigned char *s) 
 110           {     
 111   1       if (y == 0) 
 112   1              {     
 113   2               LCD_Write_Com(0x80 + x);     //表示第一行
 114   2              }
 115   1       else 
 116   1              {      
 117   2              LCD_Write_Com(0xC0 + x);      //表示第二行
C51 COMPILER V9.00   MAIN                                                                  07/05/2015 23:24:25 PAGE 3   

 118   2              }        
 119   1       while (*s) 
 120   1              {     
 121   2       LCD_Write_Data( *s);     
 122   2       s ++;     
 123   2              }
 124   1       }
 125          /*------------------------------------------------
 126                        写入字符函数
 127          ------------------------------------------------*/
 128           void LCD_Write_Char(unsigned char x,unsigned char y,unsigned char Data) 
 129           {     
 130   1       if (y == 0)      //设置坐标
 131   1              {     
 132   2              LCD_Write_Com(0x80 + x);     
 133   2              }    
 134   1       else 
 135   1              {     
 136   2              LCD_Write_Com(0xC0 + x);     
 137   2              }        
 138   1       LCD_Write_Data( Data);  
 139   1       }
 140          /*------------------------------------------------
 141                        初始化函数
 142          ------------------------------------------------*/
 143           void LCD_Init(void) 
 144           {
 145   1         LCD_Write_Com(0x38);    /*显示模式设置*/ 
 146   1         DelayMs(5); 
 147   1         LCD_Write_Com(0x38); 
 148   1         DelayMs(5); 
 149   1         LCD_Write_Com(0x38); 
 150   1         DelayMs(5); 
 151   1         LCD_Write_Com(0x38);  
 152   1         LCD_Write_Com(0x08);    /*显示关闭*/ 
 153   1         LCD_Write_Com(0x01);    /*显示清屏*/ 
 154   1         LCD_Write_Com(0x06);    /*显示光标移动设置*/ 
 155   1         DelayMs(5); 
 156   1         LCD_Write_Com(0x0C);    /*显示开及光标设置*/
 157   1         }
 158             
 159          /*------------------------------------------------
 160                              主函数
 161          ------------------------------------------------*/ 
 162          void main(void) 
 163          { 
 164   1      LCD_Init(); 
 165   1      LCD_Clear();//清屏
 166   1      while (1) 
 167   1       {  
 168   2        LCD_Write_Char(7,0,'o');
 169   2        LCD_Write_Char(8,0,'k');
 170   2        LCD_Write_String(1,1,"hello world");
 171   2        while(1);
 172   2       }
 173   1      }
 174          


MODULE INFORMATION:   STATIC OVERLAYABLE
   CODE SIZE        =    224    ----
   CONSTANT SIZE    =     12    ----
C51 COMPILER V9.00   MAIN                                                                  07/05/2015 23:24:25 PAGE 4   

   XDATA SIZE       =   ----    ----
   PDATA SIZE       =   ----    ----
   DATA SIZE        =   ----    ----
   IDATA SIZE       =   ----    ----
   BIT SIZE         =   ----    ----
END OF MODULE INFORMATION.


C51 COMPILATION COMPLETE.  0 WARNING(S),  0 ERROR(S)
