C51 COMPILER V9.00   MAIN                                                                  06/23/2015 07:40:42 PAGE 1   


C51 COMPILER V9.00, COMPILATION OF MODULE MAIN
OBJECT MODULE PLACED IN main.OBJ
COMPILER INVOKED BY: C:\Keil\C51\BIN\C51.EXE main.c BROWSE DEBUG OBJECTEXTEND

line level    source

   1          /**********************************************
   2          *实验名： 蜂鸣器实验
   3          *实验效果：程序烧录进去后 蜂鸣器发出滴滴的声音
   4          **********************************************/
   5          #include<reg52.h>
   6          
   7          #define on 0
   8          #define off 1
   9          sbit fm = P2^3;
  10          
  11          void delay(unsigned int xms)                            
  12          {
  13   1              unsigned int i,j;
  14   1              for(i=xms;i>0;i--)                    //i=xms即延
  15   1                      for(j=112;j>0;j--);
  16   1      }
  17          
  18          void main()
  19          {
  20   1              while(1)
  21   1              {
  22   2                      fm = on;//P2^3 = 0;蜂鸣器响
  23   2                      delay(100);
  24   2                      fm = off;
  25   2                      delay(100);
  26   2              }
  27   1      }


MODULE INFORMATION:   STATIC OVERLAYABLE
   CODE SIZE        =     50    ----
   CONSTANT SIZE    =   ----    ----
   XDATA SIZE       =   ----    ----
   PDATA SIZE       =   ----    ----
   DATA SIZE        =   ----    ----
   IDATA SIZE       =   ----    ----
   BIT SIZE         =   ----    ----
END OF MODULE INFORMATION.


C51 COMPILATION COMPLETE.  0 WARNING(S),  0 ERROR(S)
