C51 COMPILER V9.00   MAIN                                                                  06/17/2015 09:42:06 PAGE 1   


C51 COMPILER V9.00, COMPILATION OF MODULE MAIN
OBJECT MODULE PLACED IN main.OBJ
COMPILER INVOKED BY: C:\Keil\C51\BIN\C51.EXE main.c BROWSE DEBUG OBJECTEXTEND

line level    source

   1          /************************************
   2          *实验名：流水灯
   3          *实验效果：流水灯（移位操作）
   4          *************************************/
   5          #include<reg52.h>
   6          
   7          void delay(unsigned int xms);
   8          
   9          void main()
  10          {
  11   1              int i=0;
  12   1              while(1)
  13   1              {
  14   2                      P1 = 0xfe;//1111 1110
  15   2                      for(i=0;i<8;i++)
  16   2                      {
  17   3                              delay(1000);
  18   3                              P1 <<= 1;//P1 = P1<<1;
  19   3                              P1 = P1 | 0x01;//       
  20   3                      }
  21   2              }
  22   1      
  23   1      }
  24          
  25          void delay(unsigned int xms)//延时x毫秒                         
  26          {
  27   1              unsigned int i,j;
  28   1              for(i=xms;i>0;i--)                    //i=xms即延时约xms毫秒
  29   1                      for(j=112;j>0;j--);
  30   1      }


MODULE INFORMATION:   STATIC OVERLAYABLE
   CODE SIZE        =     80    ----
   CONSTANT SIZE    =   ----    ----
   XDATA SIZE       =   ----    ----
   PDATA SIZE       =   ----    ----
   DATA SIZE        =   ----       2
   IDATA SIZE       =   ----    ----
   BIT SIZE         =   ----    ----
END OF MODULE INFORMATION.


C51 COMPILATION COMPLETE.  0 WARNING(S),  0 ERROR(S)
