C51 COMPILER V9.00   MAIN                                                                  07/04/2015 23:11:06 PAGE 1   


C51 COMPILER V9.00, COMPILATION OF MODULE MAIN
OBJECT MODULE PLACED IN main.OBJ
COMPILER INVOKED BY: C:\Keil\C51\BIN\C51.EXE main.c BROWSE DEBUG OBJECTEXTEND

line level    source

   1          /*************************************************
   2          *实验名：定时器实验
   3          *实验效果：第一个led灯以定时器0设定的时间周期闪烁
   4          *************************************************/
   5          #include<reg52.h>
   6          
   7          sbit led = P1^0;
   8          
   9          void timer0_init()
  10          {
  11   1              TMOD = 0x01; //定时器0选择工作方式1
  12   1          TH0 = 0x00;  //设置初始值
  13   1          TL0 = 0x00; 
  14   1          EA = 1;                      //打开总中断
  15   1          ET0 = 1;             //打开定时器0中断
  16   1          TR0 = 1;             //启动定时器0
  17   1      }
  18          
  19          void main()
  20          {
  21   1              led = 1;
  22   1              timer0_init();
  23   1              while(1);
  24   1      }
  25          
  26          void timer0() interrupt 1
  27          {
  28   1          TH0 = 0x00;  //设置初始值
  29   1          TL0 = 0x00; 
  30   1              led = ~led;
  31   1      }


MODULE INFORMATION:   STATIC OVERLAYABLE
   CODE SIZE        =     31    ----
   CONSTANT SIZE    =   ----    ----
   XDATA SIZE       =   ----    ----
   PDATA SIZE       =   ----    ----
   DATA SIZE        =   ----    ----
   IDATA SIZE       =   ----    ----
   BIT SIZE         =   ----    ----
END OF MODULE INFORMATION.


C51 COMPILATION COMPLETE.  0 WARNING(S),  0 ERROR(S)
