C51 COMPILER V9.00   MAIN                                                                  07/23/2015 11:17:53 PAGE 1   


C51 COMPILER V9.00, COMPILATION OF MODULE MAIN
OBJECT MODULE PLACED IN main.OBJ
COMPILER INVOKED BY: C:\Keil\C51\BIN\C51.EXE main.c BROWSE DEBUG OBJECTEXTEND

line level    source

   1          /**********************BST-M51实验开发板例程************************
   2          *  平台：BST-M51 + Keil U4 + STC89C52
   3          *  名称：流水灯模块实验
   4          *  公司：深圳市亚博软件开发有限公司     
   5          *  日期：2015-6
   6          *  晶振:11.0592MHZ
   7          *  说明：免费开源，不提供源代码分析.
   8          ******************************************************************/
   9          /*---------------------------------------------------------------*/
  10          #include<reg52.h> //包含头文件，一般情况不需要改动，
  11                            //头文件包含特殊功能寄存器的定义
  12          /*------------------------------------------------
  13                              主函数
  14          ------------------------------------------------*/
  15          void main (void)
  16          {
  17   1              P1=0xFF;//P1口置1
  18   1      
  19   1                        //此方法使用bit位对单个端口赋值
  20   1      P1=0x55;          //换成二进制是0101 0101 
  21   1      
  22   1      while (1)         //主循环
  23   1        {
  24   2                        //主循环中添加其他需要一直工作的程序
  25   2        }
  26   1      }


MODULE INFORMATION:   STATIC OVERLAYABLE
   CODE SIZE        =      8    ----
   CONSTANT SIZE    =   ----    ----
   XDATA SIZE       =   ----    ----
   PDATA SIZE       =   ----    ----
   DATA SIZE        =   ----    ----
   IDATA SIZE       =   ----    ----
   BIT SIZE         =   ----    ----
END OF MODULE INFORMATION.


C51 COMPILATION COMPLETE.  0 WARNING(S),  0 ERROR(S)
