C51 COMPILER V9.00   SHUMAGUAN                                                             02/04/2015 11:37:05 PAGE 1   


C51 COMPILER V9.00, COMPILATION OF MODULE SHUMAGUAN
OBJECT MODULE PLACED IN shumaguan.OBJ
COMPILER INVOKED BY: D:\软件\keil uv4 c51\C51\BIN\C51.EXE shumaguan.c BROWSE DEBUG OBJECTEXTEND

line level    source

   1          #include <reg51.h>
   2          #include"Delay.h"
   3          
   4          sbit dula=P2^6;         //段选信号的锁存器控制
   5          sbit wela=P2^7;         //位选信号的锁存器控制
   6          
   7          
   8          void shumaguan(unsigned char x)
   9          {
  10   1      
  11   1                              P0=x;      
  12   1                              dula=1;
  13   1                              dula=0;
  14   1      
  15   1                              P0=0xfe;           //选中第一个数码管
  16   1                              wela=1;
  17   1                              wela=0;
  18   1                              Delay(1000);
  19   1      }
  20          


MODULE INFORMATION:   STATIC OVERLAYABLE
   CODE SIZE        =     20    ----
   CONSTANT SIZE    =   ----    ----
   XDATA SIZE       =   ----    ----
   PDATA SIZE       =   ----    ----
   DATA SIZE        =   ----    ----
   IDATA SIZE       =   ----    ----
   BIT SIZE         =   ----    ----
END OF MODULE INFORMATION.


C51 COMPILATION COMPLETE.  0 WARNING(S),  0 ERROR(S)
