C51 COMPILER V9.00   UART                                                                  08/22/2015 15:11:02 PAGE 1   


C51 COMPILER V9.00, COMPILATION OF MODULE UART
OBJECT MODULE PLACED IN uart.OBJ
COMPILER INVOKED BY: C:\Keil\C51\BIN\C51.EXE uart.c BROWSE DEBUG OBJECTEXTEND

line level    source

   1          /**********************BST-M51实验开发板例程************************
   2          *  平台：BST-M51 + Keil U4 + STC89C52
   3          *  名称：24L01无线接收（从机0）
   4          *  公司：深圳市亚博软件开发有限公司       
   5          *  日期：2015-6
   6          *  晶振:11.0592MHZ
   7          ******************************************************************/
   8          #include<reg52.h>
   9          #include"uart.h"
  10          #include"delay.h"
  11           
  12          sbit led = P1^0;
  13          
  14          
  15          void uart_init()
  16          {
  17   1      
  18   1      
  19   1              TMOD=0x20;      //设置计数器1的工作方式2x
  20   1              TH1=0xfd;                       //设置计数器1的初值，决定波特率
  21   1              TL1=0xfd;                       //设置计数器1的初值，决定波特率
  22   1              PCON=0x00;      // 波特率倍增0x00不加倍  0x80加倍
  23   1              SCON=0x50;              //设置工作方式1 开启接受允许
  24   1              EA=1;               //开启总中断
  25   1              ES=1;                   //开启串口接受中断
  26   1              TR1=1;                  //计数器1开始运行
  27   1      }
  28          
  29          
  30          
  31          
  32          void uart( unsigned int t )
  33          { 
  34   1       
  35   1      
  36   1      /*      SCON = 0x40;  //方式1,不允许接收
  37   1              PCON = 0x80;  //波特率倍速
  38   1      
  39   1              TMOD = 0x20;  //定时器1方式2
  40   1      //      TH1 = 256 - F_OSC / 16 / 12 / F_BAUD;//12MHz 
  41   1              TH1 = 0xfd ;   //9600
  42   1              TR1 = 1;//启动定时器1
  43   1      */
  44   1      
  45   1      
  46   1               
  47   1      
  48   1                      SBUF = t ;
  49   1                      while(!TI);
  50   1                  TI = 0;//完成上一次的发送
  51   1                
  52   1                  
  53   1      }


C51 COMPILER V9.00   UART                                                                  08/22/2015 15:11:02 PAGE 2   

MODULE INFORMATION:   STATIC OVERLAYABLE
   CODE SIZE        =     30    ----
   CONSTANT SIZE    =   ----    ----
   XDATA SIZE       =   ----    ----
   PDATA SIZE       =   ----    ----
   DATA SIZE        =   ----    ----
   IDATA SIZE       =   ----    ----
   BIT SIZE         =   ----    ----
END OF MODULE INFORMATION.


C51 COMPILATION COMPLETE.  0 WARNING(S),  0 ERROR(S)
